Start testing: Jul 14 20:10 +08
----------------------------------------------------------
13/25 Testing: ModifierKeyMapperTests
13/25 Test: ModifierKeyMapperTests
Command: "/Users/glf/workspace/ai/deskflow/build-local/src/unittests/deskflow/ModifierKeyMapperTests"
Directory: /Users/glf/workspace/ai/deskflow/build-local/src/lib/deskflow
"ModifierKeyMapperTests" start time: Jul 14 20:10 +08
Output:
----------------------------------------------------------
********* Start testing of ModifierKeyMapperTests *********
Config: Using QtTest library 6.11.1, Qt 6.11.1 (arm64-little_endian-lp64 shared (dynamic) release build; by Apple LLVM 21.0.0 (clang-2100.0.123.102)), macos 26.5.2
PASS   : ModifierKeyMapperTests::initTestCase()
PASS   : ModifierKeyMapperTests::legacyMappingPreservesSide()
PASS   : ModifierKeyMapperTests::exactMappingOverridesOneSide()
PASS   : ModifierKeyMapperTests::pressedSidesProduceIndependentMask()
PASS   : ModifierKeyMapperTests::mappingToNoneDoesNotFallBack()
PASS   : ModifierKeyMapperTests::untrackedModifierUsesLegacyFallback()
PASS   : ModifierKeyMapperTests::exactAltGrCanRepresentRightAlt()
PASS   : ModifierKeyMapperTests::cleanupTestCase()
Totals: 8 passed, 0 failed, 0 skipped, 0 blacklisted, 1ms
********* Finished testing of ModifierKeyMapperTests *********
<end of output>
Test time =   0.03 sec
----------------------------------------------------------
Test Passed.
"ModifierKeyMapperTests" end time: Jul 14 20:10 +08
"ModifierKeyMapperTests" time elapsed: 00:00:00
----------------------------------------------------------

17/25 Testing: ScreenTests
17/25 Test: ScreenTests
Command: "/Users/glf/workspace/ai/deskflow/build-local/src/unittests/gui/config/ScreenTests"
Directory: /Users/glf/workspace/ai/deskflow/build-local/src/lib/gui
"ScreenTests" start time: Jul 14 20:10 +08
Output:
----------------------------------------------------------
********* Start testing of ScreenTests *********
Config: Using QtTest library 6.11.1, Qt 6.11.1 (arm64-little_endian-lp64 shared (dynamic) release build; by Apple LLVM 21.0.0 (clang-2100.0.123.102)), macos 26.5.2
QINFO  : ScreenTests::initTestCase() initial settings file: /Users/glf/Library/Deskflow/Deskflow.conf
QINFO  : ScreenTests::initTestCase() settings file changed: /Users/glf/workspace/ai/deskflow/build-local/src/lib/gui/tmp/test/Deskflow.conf
QINFO  : ScreenTests::initTestCase() state file changed: /Users/glf/workspace/ai/deskflow/build-local/src/lib/gui/tmp/test/Deskflow.state
PASS   : ScreenTests::initTestCase()
PASS   : ScreenTests::basicFunctionality()
PASS   : ScreenTests::exactModifierSettings()
PASS   : ScreenTests::cleanupTestCase()
Totals: 4 passed, 0 failed, 0 skipped, 0 blacklisted, 4ms
********* Finished testing of ScreenTests *********
<end of output>
Test time =   0.11 sec
----------------------------------------------------------
Test Passed.
"ScreenTests" end time: Jul 14 20:10 +08
"ScreenTests" time elapsed: 00:00:00
----------------------------------------------------------

23/25 Testing: OSXKeyStateTests
23/25 Test: OSXKeyStateTests
Command: "/Users/glf/workspace/ai/deskflow/build-local/src/unittests/platform/OSXKeyStateTests"
Directory: /Users/glf/workspace/ai/deskflow/build-local/src/lib/platform
"OSXKeyStateTests" start time: Jul 14 20:10 +08
Output:
----------------------------------------------------------
********* Start testing of OSXKeyStateTests *********
Config: Using QtTest library 6.11.1, Qt 6.11.1 (arm64-little_endian-lp64 shared (dynamic) release build; by Apple LLVM 21.0.0 (clang-2100.0.123.102)), macos 26.5.2
PASS   : OSXKeyStateTests::initTestCase()
[2026-07-14T20:10:02.149] VERBOSE: mask=20000 outMask=0001
	/Users/glf/workspace/ai/deskflow/src/lib/platform/OSXKeyState.cpp:236
[2026-07-14T20:10:02.149] VERBOSE: mask=40000 outMask=0002
	/Users/glf/workspace/ai/deskflow/src/lib/platform/OSXKeyState.cpp:236
[2026-07-14T20:10:02.149] VERBOSE: mask=80000 outMask=0004
	/Users/glf/workspace/ai/deskflow/src/lib/platform/OSXKeyState.cpp:236
[2026-07-14T20:10:02.149] VERBOSE: mask=100000 outMask=0010
	/Users/glf/workspace/ai/deskflow/src/lib/platform/OSXKeyState.cpp:236
[2026-07-14T20:10:02.149] VERBOSE: mask=10000 outMask=1000
	/Users/glf/workspace/ai/deskflow/src/lib/platform/OSXKeyState.cpp:236
[2026-07-14T20:10:02.149] VERBOSE: mask=200000 outMask=2000
	/Users/glf/workspace/ai/deskflow/src/lib/platform/OSXKeyState.cpp:236
PASS   : OSXKeyStateTests::mapModifiersFromOSX_OSXMask()
[2026-07-14T20:10:02.177] VERBOSE: add key: ef51 0 07c 0000 (0000 0000 0000)
	/Users/glf/workspace/ai/deskflow/src/lib/deskflow/KeyMap.cpp:91
[2026-07-14T20:10:02.177] VERBOSE: add key: ef53 0 07d 0000 (0000 0000 0000)
	/Users/glf/workspace/ai/deskflow/src/lib/deskflow/KeyMap.cpp:91
[2026-07-14T20:10:02.178] VERBOSE: add key: ef52 0 07f 0000 (0000 0000 0000)
	/Users/glf/workspace/ai/deskflow/src/lib/deskflow/KeyMap.cpp:91
[2026-07-14T20:10:02.178] VERBOSE: add key: ef54 0 07e 0000 (0000 0000 0000)
	/Users/glf/workspace/ai/deskflow/src/lib/deskflow/KeyMap.cpp:91
[2026-07-14T20:10:02.178] VERBOSE: add key: ef50 0 074 0000 (0000 0000 0000)
	/Users/glf/workspace/ai/deskflow/src/lib/deskflow/KeyMap.cpp:91
[2026-07-14T20:10:02.178] VERBOSE: add key: ef57 0 078 0000 (0000 0000 0000)
	/Users/glf/workspace/ai/deskflow/src/lib/deskflow/KeyMap.cpp:91
[2026-07-14T20:10:02.178] VERBOSE: add key: ef55 0 075 0000 (0000 0000 0000)
	/Users/glf/workspace/ai/deskflow/src/lib/deskflow/KeyMap.cpp:91
[2026-07-14T20:10:02.178] VERBOSE: add key: ef56 0 07a 0000 (0000 0000 0000)
	/Users/glf/workspace/ai/deskflow/src/lib/deskflow/KeyMap.cpp:91
[2026-07-14T20:10:02.178] VERBOSE: add key: ef63 0 073 0000 (0000 0000 0000)
	/Users/glf/workspace/ai/deskflow/src/lib/deskflow/KeyMap.cpp:91
[2026-07-14T20:10:02.178] VERBOSE: add key: efbe 0 07b 0000 (0000 0000 0000)
	/Users/glf/workspace/ai/deskflow/src/lib/deskflow/KeyMap.cpp:91
[2026-07-14T20:10:02.178] VERBOSE: add key: efbf 0 079 0000 (0000 0000 0000)
	/Users/glf/workspace/ai/deskflow/src/lib/deskflow/KeyMap.cpp:91
[2026-07-14T20:10:02.178] VERBOSE: add key: efc0 0 064 0000 (0000 0000 0000)
	/Users/glf/workspace/ai/deskflow/src/lib/deskflow/KeyMap.cpp:91
[2026-07-14T20:10:02.178] VERBOSE: add key: efc1 0 077 0000 (0000 0000 0000)
	/Users/glf/workspace/ai/deskflow/src/lib/deskflow/KeyMap.cpp:91
[2026-07-14T20:10:02.178] VERBOSE: add key: efc2 0 061 0000 (0000 0000 0000)
	/Users/glf/workspace/ai/deskflow/src/lib/deskflow/KeyMap.cpp:91
[2026-07-14T20:10:02.178] VERBOSE: add key: efc3 0 062 0000 (0000 0000 0000)
	/Users/glf/workspace/ai/deskflow/src/lib/deskflow/KeyMap.cpp:91
[2026-07-14T20:10:02.178] VERBOSE: add key: efc4 0 063 0000 (0000 0000 0000)
	/Users/glf/workspace/ai/deskflow/src/lib/deskflow/KeyMap.cpp:91
[2026-07-14T20:10:02.178] VERBOSE: add key: efc5 0 065 0000 (0000 0000 0000)
	/Users/glf/workspace/ai/deskflow/src/lib/deskflow/KeyMap.cpp:91
[2026-07-14T20:10:02.178] VERBOSE: add key: efc6 0 066 0000 (0000 0000 0000)
	/Users/glf/workspace/ai/deskflow/src/lib/deskflow/KeyMap.cpp:91
[2026-07-14T20:10:02.178] VERBOSE: add key: efc7 0 06e 0000 (0000 0000 0000)
	/Users/glf/workspace/ai/deskflow/src/lib/deskflow/KeyMap.cpp:91
[2026-07-14T20:10:02.178] VERBOSE: add key: efc8 0 068 0000 (0000 0000 0000)
	/Users/glf/workspace/ai/deskflow/src/lib/deskflow/KeyMap.cpp:91
[2026-07-14T20:10:02.178] VERBOSE: add key: efc9 0 070 0000 (0000 0000 0000)
	/Users/glf/workspace/ai/deskflow/src/lib/deskflow/KeyMap.cpp:91
[2026-07-14T20:10:02.178] VERBOSE: add key: efca 0 06a 0000 (0000 0000 0000)
	/Users/glf/workspace/ai/deskflow/src/lib/deskflow/KeyMap.cpp:91
[2026-07-14T20:10:02.178] VERBOSE: add key: efcb 0 06c 0000 (0000 0000 0000)
	/Users/glf/workspace/ai/deskflow/src/lib/deskflow/KeyMap.cpp:91
[2026-07-14T20:10:02.178] VERBOSE: add key: efcc 0 072 0000 (0000 0000 0000)
	/Users/glf/workspace/ai/deskflow/src/lib/deskflow/KeyMap.cpp:91
[2026-07-14T20:10:02.178] VERBOSE: add key: efcd 0 06b 0000 (0000 0000 0000)
	/Users/glf/workspace/ai/deskflow/src/lib/deskflow/KeyMap.cpp:91
[2026-07-14T20:10:02.178] VERBOSE: add key: efb0 0 053 0000 (0000 0000 0000)
	/Users/glf/workspace/ai/deskflow/src/lib/deskflow/KeyMap.cpp:91
[2026-07-14T20:10:02.178] VERBOSE: add key: efb1 0 054 0000 (0000 0000 0000)
	/Users/glf/workspace/ai/deskflow/src/lib/deskflow/KeyMap.cpp:91
[2026-07-14T20:10:02.178] VERBOSE: add key: efb2 0 055 0000 (0000 0000 0000)
	/Users/glf/workspace/ai/deskflow/src/lib/deskflow/KeyMap.cpp:91
[2026-07-14T20:10:02.178] VERBOSE: add key: efb3 0 056 0000 (0000 0000 0000)
	/Users/glf/workspace/ai/deskflow/src/lib/deskflow/KeyMap.cpp:91
[2026-07-14T20:10:02.178] VERBOSE: add key: efb4 0 057 0000 (0000 0000 0000)
	/Users/glf/workspace/ai/deskflow/src/lib/deskflow/KeyMap.cpp:91
[2026-07-14T20:10:02.178] VERBOSE: add key: efb5 0 058 0000 (0000 0000 0000)
	/Users/glf/workspace/ai/deskflow/src/lib/deskflow/KeyMap.cpp:91
[2026-07-14T20:10:02.178] VERBOSE: add key: efb6 0 059 0000 (0000 0000 0000)
	/Users/glf/workspace/ai/deskflow/src/lib/deskflow/KeyMap.cpp:91
[2026-07-14T20:10:02.178] VERBOSE: add key: efb7 0 05a 0000 (0000 0000 0000)
	/Users/glf/workspace/ai/deskflow/src/lib/deskflow/KeyMap.cpp:91
[2026-07-14T20:10:02.178] VERBOSE: add key: efb8 0 05c 0000 (0000 0000 0000)
	/Users/glf/workspace/ai/deskflow/src/lib/deskflow/KeyMap.cpp:91
[2026-07-14T20:10:02.178] VERBOSE: add key: efb9 0 05d 0000 (0000 0000 0000)
	/Users/glf/workspace/ai/deskflow/src/lib/deskflow/KeyMap.cpp:91
[2026-07-14T20:10:02.178] VERBOSE: add key: efae 0 042 0000 (0000 0000 0000)
	/Users/glf/workspace/ai/deskflow/src/lib/deskflow/KeyMap.cpp:91
[2026-07-14T20:10:02.178] VERBOSE: add key: efbd 0 052 0000 (0000 0000 0000)
	/Users/glf/workspace/ai/deskflow/src/lib/deskflow/KeyMap.cpp:91
[2026-07-14T20:10:02.178] VERBOSE: add key: efaa 0 044 0000 (0000 0000 0000)
	/Users/glf/workspace/ai/deskflow/src/lib/deskflow/KeyMap.cpp:91
[2026-07-14T20:10:02.178] VERBOSE: add key: efab 0 046 0000 (0000 0000 0000)
	/Users/glf/workspace/ai/deskflow/src/lib/deskflow/KeyMap.cpp:91
[2026-07-14T20:10:02.178] VERBOSE: add key: efaf 0 04c 0000 (0000 0000 0000)
	/Users/glf/workspace/ai/deskflow/src/lib/deskflow/KeyMap.cpp:91
[2026-07-14T20:10:02.178] VERBOSE: add key: efad 0 04f 0000 (0000 0000 0000)
	/Users/glf/workspace/ai/deskflow/src/lib/deskflow/KeyMap.cpp:91
[2026-07-14T20:10:02.178] VERBOSE: add key: ef8d 0 04d 0000 (0000 0000 0000)
	/Users/glf/workspace/ai/deskflow/src/lib/deskflow/KeyMap.cpp:91
[2026-07-14T20:10:02.178] VERBOSE: add key: efe1 0 039 0000 (0000 0000 0001)
	/Users/glf/workspace/ai/deskflow/src/lib/deskflow/KeyMap.cpp:91
[2026-07-14T20:10:02.178] VERBOSE: add key: efe2 0 03d 0000 (0000 0000 0001)
	/Users/glf/workspace/ai/deskflow/src/lib/deskflow/KeyMap.cpp:91
[2026-07-14T20:10:02.178] VERBOSE: add key: efe3 0 03c 0000 (0000 0000 0002)
	/Users/glf/workspace/ai/deskflow/src/lib/deskflow/KeyMap.cpp:91
[2026-07-14T20:10:02.178] VERBOSE: add key: efe4 0 03f 0000 (0000 0000 0002)
	/Users/glf/workspace/ai/deskflow/src/lib/deskflow/KeyMap.cpp:91
[2026-07-14T20:10:02.178] VERBOSE: add key: efe9 0 03b 0000 (0000 0000 0004)
	/Users/glf/workspace/ai/deskflow/src/lib/deskflow/KeyMap.cpp:91
[2026-07-14T20:10:02.178] VERBOSE: add key: efea 0 03e 0000 (0000 0000 0004)
	/Users/glf/workspace/ai/deskflow/src/lib/deskflow/KeyMap.cpp:91
[2026-07-14T20:10:02.178] VERBOSE: add key: efeb 0 038 0000 (0000 0000 0010)
	/Users/glf/workspace/ai/deskflow/src/lib/deskflow/KeyMap.cpp:91
[2026-07-14T20:10:02.178] VERBOSE: add key: efec 0 037 0000 (0000 0000 0010)
	/Users/glf/workspace/ai/deskflow/src/lib/deskflow/KeyMap.cpp:91
[2026-07-14T20:10:02.178] VERBOSE: add key: efe7 0 038 0000 (0000 0000 0008)
	/Users/glf/workspace/ai/deskflow/src/lib/deskflow/KeyMap.cpp:91
[2026-07-14T20:10:02.178] VERBOSE: add key: efe8 0 037 0000 (0000 0000 0008)
	/Users/glf/workspace/ai/deskflow/src/lib/deskflow/KeyMap.cpp:91
[2026-07-14T20:10:02.178] VERBOSE: add key: ef7f 0 048 0000 (0000 0000 2000)
	/Users/glf/workspace/ai/deskflow/src/lib/deskflow/KeyMap.cpp:91
[2026-07-14T20:10:02.178] VERBOSE: add key: efe5 0 03a 0000 (0000 0000 1000)
	/Users/glf/workspace/ai/deskflow/src/lib/deskflow/KeyMap.cpp:91
[2026-07-14T20:10:02.178] VERBOSE: add key: ef23 0 069 0000 (0000 0000 0000)
	/Users/glf/workspace/ai/deskflow/src/lib/deskflow/KeyMap.cpp:91
[2026-07-14T20:10:02.178] VERBOSE: add key: ef2a 0 067 0000 (0000 0000 0000)
	/Users/glf/workspace/ai/deskflow/src/lib/deskflow/KeyMap.cpp:91
[2026-07-14T20:10:02.178] VERBOSE: add key: e0c0 0 0a1 0000 (0000 0000 0000)
	/Users/glf/workspace/ai/deskflow/src/lib/deskflow/KeyMap.cpp:91
[2026-07-14T20:10:02.178] VERBOSE: add key: e0c1 0 084 0000 (0000 0000 0000)
	/Users/glf/workspace/ai/deskflow/src/lib/deskflow/KeyMap.cpp:91
[2026-07-14T20:10:02.178] VERBOSE: add key: e0b9 0 091 0000 (0000 0000 0000)
	/Users/glf/workspace/ai/deskflow/src/lib/deskflow/KeyMap.cpp:91
[2026-07-14T20:10:02.178] VERBOSE: add key: e0b8 0 092 0000 (0000 0000 0000)
	/Users/glf/workspace/ai/deskflow/src/lib/deskflow/KeyMap.cpp:91
[2026-07-14T20:10:02.178] VERBOSE: using uchr resource for group 0
	/Users/glf/workspace/ai/deskflow/src/lib/platform/OSXKeyState.cpp:513
[2026-07-14T20:10:02.178] VERBOSE: mask=e0000 outMask=0007
	/Users/glf/workspace/ai/deskflow/src/lib/platform/OSXKeyState.cpp:236
[2026-07-14T20:10:02.178] VERBOSE: mask=0000 outMask=0000
	/Users/glf/workspace/ai/deskflow/src/lib/platform/OSXKeyState.cpp:236
[2026-07-14T20:10:02.178] VERBOSE: add key: 0061 0 001 0000 (0000 0007 0000)
	/Users/glf/workspace/ai/deskflow/src/lib/deskflow/KeyMap.cpp:91
[2026-07-14T20:10:02.178] VERBOSE: mask=e0000 outMask=0007
	/Users/glf/workspace/ai/deskflow/src/lib/platform/OSXKeyState.cpp:236
[2026-07-14T20:10:02.178] VERBOSE: mask=20000 outMask=0001
	/Users/glf/workspace/ai/deskflow/src/lib/platform/OSXKeyState.cpp:236
[2026-07-14T20:10:02.178] VERBOSE: add key: 0041 0 001 0000 (0001 0007 0000)
	/Users/glf/workspace/ai/deskflow/src/lib/deskflow/KeyMap.cpp:91
[2026-07-14T20:10:02.178] VERBOSE: mask=40000 outMask=0002
	/Users/glf/workspace/ai/deskflow/src/lib/platform/OSXKeyState.cpp:236
[2026-07-14T20:10:02.178] VERBOSE: add key: 0041 0 001 0000 (0002 0007 0000)
	/Users/glf/workspace/ai/deskflow/src/lib/deskflow/KeyMap.cpp:91
[2026-07-14T20:10:02.178] VERBOSE: mask=60000 outMask=0003
	/Users/glf/workspace/ai/deskflow/src/lib/platform/OSXKeyState.cpp:236
[2026-07-14T20:10:02.179] VERBOSE: add key: 0041 0 001 0000 (0003 0007 0000)
	/Users/glf/workspace/ai/deskflow/src/lib/deskflow/KeyMap.cpp:91
[2026-07-14T20:10:02.179] VERBOSE: mask=e0000 outMask=0007
	/Users/glf/workspace/ai/deskflow/src/lib/platform/OSXKeyState.cpp:236
[2026-07-14T20:10:02.179] VERBOSE: mask=80000 outMask=0004
	/Users/glf/workspace/ai/deskflow/src/lib/platform/OSXKeyState.cpp:236
[2026-07-14T20:10:02.179] VERBOSE: add key: 00e5 0 001 0000 (0004 0007 0000)
	/Users/glf/workspace/ai/deskflow/src/lib/deskflow/KeyMap.cpp:91
[2026-07-14T20:10:02.179] VERBOSE: mask=e0000 outMask=0007
	/Users/glf/workspace/ai/deskflow/src/lib/platform/OSXKeyState.cpp:236
[2026-07-14T20:10:02.179] VERBOSE: mask=a0000 outMask=0005
	/Users/glf/workspace/ai/deskflow/src/lib/platform/OSXKeyState.cpp:236
[2026-07-14T20:10:02.179] VERBOSE: add key: 00c5 0 001 0000 (0005 0007 0000)
	/Users/glf/workspace/ai/deskflow/src/lib/deskflow/KeyMap.cpp:91
[2026-07-14T20:10:02.179] VERBOSE: mask=c0000 outMask=0006
	/Users/glf/workspace/ai/deskflow/src/lib/platform/OSXKeyState.cpp:236
[2026-07-14T20:10:02.179] VERBOSE: add key: 00c5 0 001 0000 (0006 0007 0000)
	/Users/glf/workspace/ai/deskflow/src/lib/deskflow/KeyMap.cpp:91
[2026-07-14T20:10:02.179] VERBOSE: mask=e0000 outMask=0007
	/Users/glf/workspace/ai/deskflow/src/lib/platform/OSXKeyState.cpp:236
[2026-07-14T20:10:02.179] VERBOSE: add key: 00c5 0 001 0000 (0007 0007 0000)
	/Users/glf/workspace/ai/deskflow/src/lib/deskflow/KeyMap.cpp:91
[2026-07-14T20:10:02.179] VERBOSE: mask=e0000 outMask=0007
	/Users/glf/workspace/ai/deskflow/src/lib/platform/OSXKeyState.cpp:236
[2026-07-14T20:10:02.179] VERBOSE: mask=0000 outMask=0000
	/Users/glf/workspace/ai/deskflow/src/lib/platform/OSXKeyState.cpp:236
[2026-07-14T20:10:02.179] VERBOSE: add key: 0073 0 002 0000 (0000 0007 0000)
	/Users/glf/workspace/ai/deskflow/src/lib/deskflow/KeyMap.cpp:91
[2026-07-14T20:10:02.179] VERBOSE: mask=e0000 outMask=0007
	/Users/glf/workspace/ai/deskflow/src/lib/platform/OSXKeyState.cpp:236
[2026-07-14T20:10:02.179] VERBOSE: mask=20000 outMask=0001
	/Users/glf/workspace/ai/deskflow/src/lib/platform/OSXKeyState.cpp:236
[2026-07-14T20:10:02.179] VERBOSE: add key: 0053 0 002 0000 (0001 0007 0000)
	/Users/glf/workspace/ai/deskflow/src/lib/deskflow/KeyMap.cpp:91
[2026-07-14T20:10:02.179] VERBOSE: mask=40000 outMask=0002
	/Users/glf/workspace/ai/deskflow/src/lib/platform/OSXKeyState.cpp:236
[2026-07-14T20:10:02.179] VERBOSE: add key: 0053 0 002 0000 (0002 0007 0000)
	/Users/glf/workspace/ai/deskflow/src/lib/deskflow/KeyMap.cpp:91
[2026-07-14T20:10:02.179] VERBOSE: mask=60000 outMask=0003
	/Users/glf/workspace/ai/deskflow/src/lib/platform/OSXKeyState.cpp:236
[2026-07-14T20:10:02.179] VERBOSE: add key: 0053 0 002 0000 (0003 0007 0000)
	/Users/glf/workspace/ai/deskflow/src/lib/deskflow/KeyMap.cpp:91
[2026-07-14T20:10:02.179] VERBOSE: mask=e0000 outMask=0007
	/Users/glf/workspace/ai/deskflow/src/lib/platform/OSXKeyState.cpp:236
[2026-07-14T20:10:02.179] VERBOSE: mask=80000 outMask=0004
	/Users/glf/workspace/ai/deskflow/src/lib/platform/OSXKeyState.cpp:236
[2026-07-14T20:10:02.179] VERBOSE: add key: 00df 0 002 0000 (0004 0007 0000)
	/Users/glf/workspace/ai/deskflow/src/lib/deskflow/KeyMap.cpp:91
[2026-07-14T20:10:02.179] VERBOSE: mask=e0000 outMask=0007
	/Users/glf/workspace/ai/deskflow/src/lib/platform/OSXKeyState.cpp:236
[2026-07-14T20:10:02.179] VERBOSE: mask=a0000 outMask=0005
	/Users/glf/workspace/ai/deskflow/src/lib/platform/OSXKeyState.cpp:236
[2026-07-14T20:10:02.179] VERBOSE: add key: 00cd 0 002 0000 (0005 0007 0000)
	/Users/glf/workspace/ai/deskflow/src/lib/deskflow/KeyMap.cpp:91
[2026-07-14T20:10:02.179] VERBOSE: mask=c0000 outMask=0006
	/Users/glf/workspace/ai/deskflow/src/lib/platform/OSXKeyState.cpp:236
[2026-07-14T20:10:02.179] VERBOSE: add key: 00cd 0 002 0000 (0006 0007 0000)
	/Users/glf/workspace/ai/deskflow/src/lib/deskflow/KeyMap.cpp:91
[2026-07-14T20:10:02.179] VERBOSE: mask=e0000 outMask=0007
	/Users/glf/workspace/ai/deskflow/src/lib/platform/OSXKeyState.cpp:236
[2026-07-14T20:10:02.179] VERBOSE: add key: 00cd 0 002 0000 (0007 0007 0000)
	/Users/glf/workspace/ai/deskflow/src/lib/deskflow/KeyMap.cpp:91
[2026-07-14T20:10:02.179] VERBOSE: mask=e0000 outMask=0007
	/Users/glf/workspace/ai/deskflow/src/lib/platform/OSXKeyState.cpp:236
[2026-07-14T20:10:02.179] VERBOSE: mask=0000 outMask=0000
	/Users/glf/workspace/ai/deskflow/src/lib/platform/OSXKeyState.cpp:236
[2026-07-14T20:10:02.179] VERBOSE: add key: 0064 0 003 0000 (0000 0007 0000)
	/Users/glf/workspace/ai/deskflow/src/lib/deskflow/KeyMap.cpp:91
[2026-07-14T20:10:02.179] VERBOSE: mask=e0000 outMask=0007
	/Users/glf/workspace/ai/deskflow/src/lib/platform/OSXKeyState.cpp:236
[2026-07-14T20:10:02.179] VERBOSE: mask=20000 outMask=0001
	/Users/glf/workspace/ai/deskflow/src/lib/platform/OSXKeyState.cpp:236
[2026-07-14T20:10:02.179] VERBOSE: add key: 0044 0 003 0000 (0001 0007 0000)
	/Users/glf/workspace/ai/deskflow/src/lib/deskflow/KeyMap.cpp:91
[2026-07-14T20:10:02.179] VERBOSE: mask=40000 outMask=0002
	/Users/glf/workspace/ai/deskflow/src/lib/platform/OSXKeyState.cpp:236
[2026-07-14T20:10:02.179] VERBOSE: add key: 0044 0 003 0000 (0002 0007 0000)
	/Users/glf/workspace/ai/deskflow/src/lib/deskflow/KeyMap.cpp:91
[2026-07-14T20:10:02.179] VERBOSE: mask=60000 outMask=0003
	/Users/glf/workspace/ai/deskflow/src/lib/platform/OSXKeyState.cpp:236
[2026-07-14T20:10:02.179] VERBOSE: add key: 0044 0 003 0000 (0003 0007 0000)
	/Users/glf/workspace/ai/deskflow/src/lib/deskflow/KeyMap.cpp:91
[2026-07-14T20:10:02.179] VERBOSE: mask=e0000 outMask=0007
	/Users/glf/workspace/ai/deskflow/src/lib/platform/OSXKeyState.cpp:236
[2026-07-14T20:10:02.179] VERBOSE: mask=80000 outMask=0004
	/Users/glf/workspace/ai/deskflow/src/lib/platform/OSXKeyState.cpp:236
[2026-07-14T20:10:02.179] VERBOSE: add key: 2202 0 003 0000 (0004 0007 0000)
	/Users/glf/workspace/ai/deskflow/src/lib/deskflow/KeyMap.cpp:91
[2026-07-14T20:10:02.179] VERBOSE: mask=e0000 outMask=0007
	/Users/glf/workspace/ai/deskflow/src/lib/platform/OSXKeyState.cpp:236
[2026-07-14T20:10:02.179] VERBOSE: mask=a0000 outMask=0005
	/Users/glf/workspace/ai/deskflow/src/lib/platform/OSXKeyState.cpp:236
[2026-07-14T20:10:02.179] VERBOSE: add key: 00ce 0 003 0000 (0005 0007 0000)
	/Users/glf/workspace/ai/deskflow/src/lib/deskflow/KeyMap.cpp:91
[2026-07-14T20:10:02.179] VERBOSE: mask=c0000 outMask=0006
	/Users/glf/workspace/ai/deskflow/src/lib/platform/OSXKeyState.cpp:236
[2026-07-14T20:10:02.179] VERBOSE: add key: 00ce 0 003 0000 (0006 0007 0000)
	/Users/glf/workspace/ai/deskflow/src/lib/deskflow/KeyMap.cpp:91
[2026-07-14T20:10:02.179] VERBOSE: mask=e0000 outMask=0007
	/Users/glf/workspace/ai/deskflow/src/lib/platform/OSXKeyState.cpp:236
[2026-07-14T20:10:02.179] VERBOSE: add key: 00ce 0 003 0000 (0007 0007 0000)
	/Users/glf/workspace/ai/deskflow/src/lib/deskflow/KeyMap.cpp:91
[2026-07-14T20:10:02.179] VERBOSE: mask=e0000 outMask=0007
	/Users/glf/workspace/ai/deskflow/src/lib/platform/OSXKeyState.cpp:236
[2026-07-14T20:10:02.179] VERBOSE: mask=0000 outMask=0000
	/Users/glf/workspace/ai/deskflow/src/lib/platform/OSXKeyState.cpp:236
[2026-07-14T20:10:02.179] VERBOSE: add key: 0066 0 004 0000 (0000 0007 0000)
	/Users/glf/workspace/ai/deskflow/src/lib/deskflow/KeyMap.cpp:91
[2026-07-14T20:10:02.179] VERBOSE: mask=e0000 outMask=0007
	/Users/glf/workspace/ai/deskflow/src/lib/platform/OSXKeyState.cpp:236
[2026-07-14T20:10:02.179] VERBOSE: mask=20000 outMask=0001
	/Users/glf/workspace/ai/deskflow/src/lib/platform/OSXKeyState.cpp:236
[2026-07-14T20:10:02.179] VERBOSE: add key: 0046 0 004 0000 (0001 0007 0000)
	/Users/glf/workspace/ai/deskflow/src/lib/deskflow/KeyMap.cpp:91
[2026-07-14T20:10:02.179] VERBOSE: mask=40000 outMask=0002
	/Users/glf/workspace/ai/deskflow/src/lib/platform/OSXKeyState.cpp:236
[2026-07-14T20:10:02.179] VERBOSE: add key: 0046 0 004 0000 (0002 0007 0000)
	/Users/glf/workspace/ai/deskflow/src/lib/deskflow/KeyMap.cpp:91
[2026-07-14T20:10:02.179] VERBOSE: mask=60000 outMask=0003
	/Users/glf/workspace/ai/deskflow/src/lib/platform/OSXKeyState.cpp:236
[2026-07-14T20:10:02.179] VERBOSE: add key: 0046 0 004 0000 (0003 0007 0000)
	/Users/glf/workspace/ai/deskflow/src/lib/deskflow/KeyMap.cpp:91
[2026-07-14T20:10:02.179] VERBOSE: mask=e0000 outMask=0007
	/Users/glf/workspace/ai/deskflow/src/lib/platform/OSXKeyState.cpp:236
[2026-07-14T20:10:02.179] VERBOSE: mask=80000 outMask=0004
	/Users/glf/workspace/ai/deskflow/src/lib/platform/OSXKeyState.cpp:236
[2026-07-14T20:10:02.179] VERBOSE: add key: 0192 0 004 0000 (0004 0007 0000)
	/Users/glf/workspace/ai/deskflow/src/lib/deskflow/KeyMap.cpp:91
[2026-07-14T20:10:02.179] VERBOSE: mask=e0000 outMask=0007
	/Users/glf/workspace/ai/deskflow/src/lib/platform/OSXKeyState.cpp:236
[2026-07-14T20:10:02.179] VERBOSE: mask=a0000 outMask=0005
	/Users/glf/workspace/ai/deskflow/src/lib/platform/OSXKeyState.cpp:236
[2026-07-14T20:10:02.179] VERBOSE: add key: 00cf 0 004 0000 (0005 0007 0000)
	/Users/glf/workspace/ai/deskflow/src/lib/deskflow/KeyMap.cpp:91
[2026-07-14T20:10:02.180] VERBOSE: mask=c0000 outMask=0006
	/Users/glf/workspace/ai/deskflow/src/lib/platform/OSXKeyState.cpp:236
[2026-07-14T20:10:02.180] VERBOSE: add key: 00cf 0 004 0000 (0006 0007 0000)
	/Users/glf/workspace/ai/deskflow/src/lib/deskflow/KeyMap.cpp:91
[2026-07-14T20:10:02.180] VERBOSE: mask=e0000 outMask=0007
	/Users/glf/workspace/ai/deskflow/src/lib/platform/OSXKeyState.cpp:236
[2026-07-14T20:10:02.180] VERBOSE: add key: 00cf 0 004 0000 (0007 0007 0000)
	/Users/glf/workspace/ai/deskflow/src/lib/deskflow/KeyMap.cpp:91
[2026-07-14T20:10:02.180] VERBOSE: mask=e0000 outMask=0007
	/Users/glf/workspace/ai/deskflow/src/lib/platform/OSXKeyState.cpp:236
[2026-07-14T20:10:02.180] VERBOSE: mask=0000 outMask=0000
	/Users/glf/workspace/ai/deskflow/src/lib/platform/OSXKeyState.cpp:236
[2026-07-14T20:10:02.180] VERBOSE: add key: 0068 0 005 0000 (0000 0007 0000)
	/Users/glf/workspace/ai/deskflow/src/lib/deskflow/KeyMap.cpp:91
[2026-07-14T20:10:02.180] VERBOSE: mask=e0000 outMask=0007
	/Users/glf/workspace/ai/deskflow/src/lib/platform/OSXKeyState.cpp:236
[2026-07-14T20:10:02.180] VERBOSE: mask=20000 outMask=0001
	/Users/glf/workspace/ai/deskflow/src/lib/platform/OSXKeyState.cpp:236
[2026-07-14T20:10:02.180] VERBOSE: add key: 0048 0 005 0000 (0001 0007 0000)
	/Users/glf/workspace/ai/deskflow/src/lib/deskflow/KeyMap.cpp:91
[2026-07-14T20:10:02.180] VERBOSE: mask=40000 outMask=0002
	/Users/glf/workspace/ai/deskflow/src/lib/platform/OSXKeyState.cpp:236
[2026-07-14T20:10:02.180] VERBOSE: add key: 0048 0 005 0000 (0002 0007 0000)
	/Users/glf/workspace/ai/deskflow/src/lib/deskflow/KeyMap.cpp:91
[2026-07-14T20:10:02.180] VERBOSE: mask=60000 outMask=0003
	/Users/glf/workspace/ai/deskflow/src/lib/platform/OSXKeyState.cpp:236
[2026-07-14T20:10:02.180] VERBOSE: add key: 0048 0 005 0000 (0003 0007 0000)
	/Users/glf/workspace/ai/deskflow/src/lib/deskflow/KeyMap.cpp:91
[2026-07-14T20:10:02.180] VERBOSE: mask=e0000 outMask=0007
	/Users/glf/workspace/ai/deskflow/src/lib/platform/OSXKeyState.cpp:236
[2026-07-14T20:10:02.180] VERBOSE: mask=80000 outMask=0004
	/Users/glf/workspace/ai/deskflow/src/lib/platform/OSXKeyState.cpp:236
[2026-07-14T20:10:02.180] VERBOSE: add key: 02d9 0 005 0000 (0004 0007 0000)
	/Users/glf/workspace/ai/deskflow/src/lib/deskflow/KeyMap.cpp:91
[2026-07-14T20:10:02.180] VERBOSE: mask=e0000 outMask=0007
	/Users/glf/workspace/ai/deskflow/src/lib/platform/OSXKeyState.cpp:236
[2026-07-14T20:10:02.180] VERBOSE: mask=a0000 outMask=0005
	/Users/glf/workspace/ai/deskflow/src/lib/platform/OSXKeyState.cpp:236
[2026-07-14T20:10:02.180] VERBOSE: add key: 00d3 0 005 0000 (0005 0007 0000)
	/Users/glf/workspace/ai/deskflow/src/lib/deskflow/KeyMap.cpp:91
[2026-07-14T20:10:02.180] VERBOSE: mask=c0000 outMask=0006
	/Users/glf/workspace/ai/deskflow/src/lib/platform/OSXKeyState.cpp:236
[2026-07-14T20:10:02.180] VERBOSE: add key: 00d3 0 005 0000 (0006 0007 0000)
	/Users/glf/workspace/ai/deskflow/src/lib/deskflow/KeyMap.cpp:91
[2026-07-14T20:10:02.180] VERBOSE: mask=e0000 outMask=0007
	/Users/glf/workspace/ai/deskflow/src/lib/platform/OSXKeyState.cpp:236
[2026-07-14T20:10:02.180] VERBOSE: add key: 00d3 0 005 0000 (0007 0007 0000)
	/Users/glf/workspace/ai/deskflow/src/lib/deskflow/KeyMap.cpp:91
[2026-07-14T20:10:02.180] VERBOSE: mask=0000 outMask=0000
	/Users/glf/workspace/ai/deskflow/src/lib/platform/OSXKeyState.cpp:236
[2026-07-14T20:10:02.180] VERBOSE: mask=e0000 outMask=0007
	/Users/glf/workspace/ai/deskflow/src/lib/platform/OSXKeyState.cpp:236
[2026-07-14T20:10:02.180] VERBOSE: mask=0000 outMask=0000
	/Users/glf/workspace/ai/deskflow/src/lib/platform/OSXKeyState.cpp:236
[2026-07-14T20:10:02.180] VERBOSE: add key: 0067 0 006 0000 (0000 0007 0000)
	/Users/glf/workspace/ai/deskflow/src/lib/deskflow/KeyMap.cpp:91
[2026-07-14T20:10:02.180] VERBOSE: mask=e0000 outMask=0007
	/Users/glf/workspace/ai/deskflow/src/lib/platform/OSXKeyState.cpp:236
[2026-07-14T20:10:02.180] VERBOSE: mask=20000 outMask=0001
	/Users/glf/workspace/ai/deskflow/src/lib/platform/OSXKeyState.cpp:236
[2026-07-14T20:10:02.180] VERBOSE: add key: 0047 0 006 0000 (0001 0007 0000)
	/Users/glf/workspace/ai/deskflow/src/lib/deskflow/KeyMap.cpp:91
[2026-07-14T20:10:02.180] VERBOSE: mask=40000 outMask=0002
	/Users/glf/workspace/ai/deskflow/src/lib/platform/OSXKeyState.cpp:236
[2026-07-14T20:10:02.180] VERBOSE: add key: 0047 0 006 0000 (0002 0007 0000)
	/Users/glf/workspace/ai/deskflow/src/lib/deskflow/KeyMap.cpp:91
[2026-07-14T20:10:02.180] VERBOSE: mask=60000 outMask=0003
	/Users/glf/workspace/ai/deskflow/src/lib/platform/OSXKeyState.cpp:236
[2026-07-14T20:10:02.180] VERBOSE: add key: 0047 0 006 0000 (0003 0007 0000)
	/Users/glf/workspace/ai/deskflow/src/lib/deskflow/KeyMap.cpp:91
[2026-07-14T20:10:02.180] VERBOSE: mask=a0000 outMask=0005
	/Users/glf/workspace/ai/deskflow/src/lib/platform/OSXKeyState.cpp:236
[2026-07-14T20:10:02.180] VERBOSE: mask=80000 outMask=0004
	/Users/glf/workspace/ai/deskflow/src/lib/platform/OSXKeyState.cpp:236
[2026-07-14T20:10:02.180] VERBOSE: add key: 00a9 0 006 0000 (0004 0005 0000)
	/Users/glf/workspace/ai/deskflow/src/lib/deskflow/KeyMap.cpp:91
[2026-07-14T20:10:02.180] VERBOSE: mask=a0000 outMask=0005
	/Users/glf/workspace/ai/deskflow/src/lib/platform/OSXKeyState.cpp:236
[2026-07-14T20:10:02.180] VERBOSE: mask=a0000 outMask=0005
	/Users/glf/workspace/ai/deskflow/src/lib/platform/OSXKeyState.cpp:236
[2026-07-14T20:10:02.180] VERBOSE: add key: 02dd 0 006 0000 (0005 0005 0000)
	/Users/glf/workspace/ai/deskflow/src/lib/deskflow/KeyMap.cpp:91
[2026-07-14T20:10:02.180] VERBOSE: mask=e0000 outMask=0007
	/Users/glf/workspace/ai/deskflow/src/lib/platform/OSXKeyState.cpp:236
[2026-07-14T20:10:02.180] VERBOSE: mask=0000 outMask=0000
	/Users/glf/workspace/ai/deskflow/src/lib/platform/OSXKeyState.cpp:236
[2026-07-14T20:10:02.180] VERBOSE: add key: 007a 0 007 0000 (0000 0007 0000)
	/Users/glf/workspace/ai/deskflow/src/lib/deskflow/KeyMap.cpp:91
[2026-07-14T20:10:02.180] VERBOSE: mask=e0000 outMask=0007
	/Users/glf/workspace/ai/deskflow/src/lib/platform/OSXKeyState.cpp:236
[2026-07-14T20:10:02.180] VERBOSE: mask=20000 outMask=0001
	/Users/glf/workspace/ai/deskflow/src/lib/platform/OSXKeyState.cpp:236
[2026-07-14T20:10:02.180] VERBOSE: add key: 005a 0 007 0000 (0001 0007 0000)
	/Users/glf/workspace/ai/deskflow/src/lib/deskflow/KeyMap.cpp:91
[2026-07-14T20:10:02.180] VERBOSE: mask=40000 outMask=0002
	/Users/glf/workspace/ai/deskflow/src/lib/platform/OSXKeyState.cpp:236
[2026-07-14T20:10:02.180] VERBOSE: add key: 005a 0 007 0000 (0002 0007 0000)
	/Users/glf/workspace/ai/deskflow/src/lib/deskflow/KeyMap.cpp:91
[2026-07-14T20:10:02.180] VERBOSE: mask=60000 outMask=0003
	/Users/glf/workspace/ai/deskflow/src/lib/platform/OSXKeyState.cpp:236
[2026-07-14T20:10:02.180] VERBOSE: add key: 005a 0 007 0000 (0003 0007 0000)
	/Users/glf/workspace/ai/deskflow/src/lib/deskflow/KeyMap.cpp:91
[2026-07-14T20:10:02.180] VERBOSE: mask=a0000 outMask=0005
	/Users/glf/workspace/ai/deskflow/src/lib/platform/OSXKeyState.cpp:236
[2026-07-14T20:10:02.180] VERBOSE: mask=80000 outMask=0004
	/Users/glf/workspace/ai/deskflow/src/lib/platform/OSXKeyState.cpp:236
[2026-07-14T20:10:02.180] VERBOSE: add key: 03a9 0 007 0000 (0004 0005 0000)
	/Users/glf/workspace/ai/deskflow/src/lib/deskflow/KeyMap.cpp:91
[2026-07-14T20:10:02.180] VERBOSE: mask=a0000 outMask=0005
	/Users/glf/workspace/ai/deskflow/src/lib/platform/OSXKeyState.cpp:236
[2026-07-14T20:10:02.180] VERBOSE: mask=a0000 outMask=0005
	/Users/glf/workspace/ai/deskflow/src/lib/platform/OSXKeyState.cpp:236
[2026-07-14T20:10:02.180] VERBOSE: add key: 00b8 0 007 0000 (0005 0005 0000)
	/Users/glf/workspace/ai/deskflow/src/lib/deskflow/KeyMap.cpp:91
[2026-07-14T20:10:02.180] VERBOSE: mask=e0000 outMask=0007
	/Users/glf/workspace/ai/deskflow/src/lib/platform/OSXKeyState.cpp:236
[2026-07-14T20:10:02.180] VERBOSE: mask=0000 outMask=0000
	/Users/glf/workspace/ai/deskflow/src/lib/platform/OSXKeyState.cpp:236
[2026-07-14T20:10:02.180] VERBOSE: add key: 0078 0 008 0000 (0000 0007 0000)
	/Users/glf/workspace/ai/deskflow/src/lib/deskflow/KeyMap.cpp:91
[2026-07-14T20:10:02.180] VERBOSE: mask=e0000 outMask=0007
	/Users/glf/workspace/ai/deskflow/src/lib/platform/OSXKeyState.cpp:236
[2026-07-14T20:10:02.180] VERBOSE: mask=20000 outMask=0001
	/Users/glf/workspace/ai/deskflow/src/lib/platform/OSXKeyState.cpp:236
[2026-07-14T20:10:02.180] VERBOSE: add key: 0058 0 008 0000 (0001 0007 0000)
	/Users/glf/workspace/ai/deskflow/src/lib/deskflow/KeyMap.cpp:91
[2026-07-14T20:10:02.180] VERBOSE: mask=40000 outMask=0002
	/Users/glf/workspace/ai/deskflow/src/lib/platform/OSXKeyState.cpp:236
[2026-07-14T20:10:02.181] VERBOSE: add key: 0058 0 008 0000 (0002 0007 0000)
	/Users/glf/workspace/ai/deskflow/src/lib/deskflow/KeyMap.cpp:91
[2026-07-14T20:10:02.181] VERBOSE: mask=60000 outMask=0003
	/Users/glf/workspace/ai/deskflow/src/lib/platform/OSXKeyState.cpp:236
[2026-07-14T20:10:02.181] VERBOSE: add key: 0058 0 008 0000 (0003 0007 0000)
	/Users/glf/workspace/ai/deskflow/src/lib/deskflow/KeyMap.cpp:91
[2026-07-14T20:10:02.181] VERBOSE: mask=a0000 outMask=0005
	/Users/glf/workspace/ai/deskflow/src/lib/platform/OSXKeyState.cpp:236
[2026-07-14T20:10:02.181] VERBOSE: mask=80000 outMask=0004
	/Users/glf/workspace/ai/deskflow/src/lib/platform/OSXKeyState.cpp:236
[2026-07-14T20:10:02.181] VERBOSE: add key: 2248 0 008 0000 (0004 0005 0000)
	/Users/glf/workspace/ai/deskflow/src/lib/deskflow/KeyMap.cpp:91
[2026-07-14T20:10:02.181] VERBOSE: mask=a0000 outMask=0005
	/Users/glf/workspace/ai/deskflow/src/lib/platform/OSXKeyState.cpp:236
[2026-07-14T20:10:02.181] VERBOSE: mask=a0000 outMask=0005
	/Users/glf/workspace/ai/deskflow/src/lib/platform/OSXKeyState.cpp:236
[2026-07-14T20:10:02.181] VERBOSE: add key: 02db 0 008 0000 (0005 0005 0000)
	/Users/glf/workspace/ai/deskflow/src/lib/deskflow/KeyMap.cpp:91
[2026-07-14T20:10:02.181] VERBOSE: mask=e0000 outMask=0007
	/Users/glf/workspace/ai/deskflow/src/lib/platform/OSXKeyState.cpp:236
[2026-07-14T20:10:02.181] VERBOSE: mask=0000 outMask=0000
	/Users/glf/workspace/ai/deskflow/src/lib/platform/OSXKeyState.cpp:236
[2026-07-14T20:10:02.181] VERBOSE: add key: 0063 0 009 0000 (0000 0007 0000)
	/Users/glf/workspace/ai/deskflow/src/lib/deskflow/KeyMap.cpp:91
[2026-07-14T20:10:02.181] VERBOSE: mask=e0000 outMask=0007
	/Users/glf/workspace/ai/deskflow/src/lib/platform/OSXKeyState.cpp:236
[2026-07-14T20:10:02.181] VERBOSE: mask=20000 outMask=0001
	/Users/glf/workspace/ai/deskflow/src/lib/platform/OSXKeyState.cpp:236
[2026-07-14T20:10:02.181] VERBOSE: add key: 0043 0 009 0000 (0001 0007 0000)
	/Users/glf/workspace/ai/deskflow/src/lib/deskflow/KeyMap.cpp:91
[2026-07-14T20:10:02.181] VERBOSE: mask=40000 outMask=0002
	/Users/glf/workspace/ai/deskflow/src/lib/platform/OSXKeyState.cpp:236
[2026-07-14T20:10:02.181] VERBOSE: add key: 0043 0 009 0000 (0002 0007 0000)
	/Users/glf/workspace/ai/deskflow/src/lib/deskflow/KeyMap.cpp:91
[2026-07-14T20:10:02.181] VERBOSE: mask=60000 outMask=0003
	/Users/glf/workspace/ai/deskflow/src/lib/platform/OSXKeyState.cpp:236
[2026-07-14T20:10:02.181] VERBOSE: add key: 0043 0 009 0000 (0003 0007 0000)
	/Users/glf/workspace/ai/deskflow/src/lib/deskflow/KeyMap.cpp:91
[2026-07-14T20:10:02.181] VERBOSE: mask=e0000 outMask=0007
	/Users/glf/workspace/ai/deskflow/src/lib/platform/OSXKeyState.cpp:236
[2026-07-14T20:10:02.181] VERBOSE: mask=80000 outMask=0004
	/Users/glf/workspace/ai/deskflow/src/lib/platform/OSXKeyState.cpp:236
[2026-07-14T20:10:02.181] VERBOSE: add key: 00e7 0 009 0000 (0004 0007 0000)
	/Users/glf/workspace/ai/deskflow/src/lib/deskflow/KeyMap.cpp:91
[2026-07-14T20:10:02.181] VERBOSE: mask=e0000 outMask=0007
	/Users/glf/workspace/ai/deskflow/src/lib/platform/OSXKeyState.cpp:236
[2026-07-14T20:10:02.181] VERBOSE: mask=a0000 outMask=0005
	/Users/glf/workspace/ai/deskflow/src/lib/platform/OSXKeyState.cpp:236
[2026-07-14T20:10:02.181] VERBOSE: add key: 00c7 0 009 0000 (0005 0007 0000)
	/Users/glf/workspace/ai/deskflow/src/lib/deskflow/KeyMap.cpp:91
[2026-07-14T20:10:02.181] VERBOSE: mask=c0000 outMask=0006
	/Users/glf/workspace/ai/deskflow/src/lib/platform/OSXKeyState.cpp:236
[2026-07-14T20:10:02.181] VERBOSE: add key: 00c7 0 009 0000 (0006 0007 0000)
	/Users/glf/workspace/ai/deskflow/src/lib/deskflow/KeyMap.cpp:91
[2026-07-14T20:10:02.181] VERBOSE: mask=e0000 outMask=0007
	/Users/glf/workspace/ai/deskflow/src/lib/platform/OSXKeyState.cpp:236
[2026-07-14T20:10:02.181] VERBOSE: add key: 00c7 0 009 0000 (0007 0007 0000)
	/Users/glf/workspace/ai/deskflow/src/lib/deskflow/KeyMap.cpp:91
[2026-07-14T20:10:02.181] VERBOSE: mask=0000 outMask=0000
	/Users/glf/workspace/ai/deskflow/src/lib/platform/OSXKeyState.cpp:236
[2026-07-14T20:10:02.181] VERBOSE: mask=e0000 outMask=0007
	/Users/glf/workspace/ai/deskflow/src/lib/platform/OSXKeyState.cpp:236
[2026-07-14T20:10:02.181] VERBOSE: mask=0000 outMask=0000
	/Users/glf/workspace/ai/deskflow/src/lib/platform/OSXKeyState.cpp:236
[2026-07-14T20:10:02.181] VERBOSE: add key: 0076 0 00a 0000 (0000 0007 0000)
	/Users/glf/workspace/ai/deskflow/src/lib/deskflow/KeyMap.cpp:91
[2026-07-14T20:10:02.181] VERBOSE: mask=e0000 outMask=0007
	/Users/glf/workspace/ai/deskflow/src/lib/platform/OSXKeyState.cpp:236
[2026-07-14T20:10:02.181] VERBOSE: mask=20000 outMask=0001
	/Users/glf/workspace/ai/deskflow/src/lib/platform/OSXKeyState.cpp:236
[2026-07-14T20:10:02.181] VERBOSE: add key: 0056 0 00a 0000 (0001 0007 0000)
	/Users/glf/workspace/ai/deskflow/src/lib/deskflow/KeyMap.cpp:91
[2026-07-14T20:10:02.181] VERBOSE: mask=40000 outMask=0002
	/Users/glf/workspace/ai/deskflow/src/lib/platform/OSXKeyState.cpp:236
[2026-07-14T20:10:02.181] VERBOSE: add key: 0056 0 00a 0000 (0002 0007 0000)
	/Users/glf/workspace/ai/deskflow/src/lib/deskflow/KeyMap.cpp:91
[2026-07-14T20:10:02.181] VERBOSE: mask=60000 outMask=0003
	/Users/glf/workspace/ai/deskflow/src/lib/platform/OSXKeyState.cpp:236
[2026-07-14T20:10:02.181] VERBOSE: add key: 0056 0 00a 0000 (0003 0007 0000)
	/Users/glf/workspace/ai/deskflow/src/lib/deskflow/KeyMap.cpp:91
[2026-07-14T20:10:02.181] VERBOSE: mask=a0000 outMask=0005
	/Users/glf/workspace/ai/deskflow/src/lib/platform/OSXKeyState.cpp:236
[2026-07-14T20:10:02.181] VERBOSE: mask=80000 outMask=0004
	/Users/glf/workspace/ai/deskflow/src/lib/platform/OSXKeyState.cpp:236
[2026-07-14T20:10:02.181] VERBOSE: add key: 221a 0 00a 0000 (0004 0005 0000)
	/Users/glf/workspace/ai/deskflow/src/lib/deskflow/KeyMap.cpp:91
[2026-07-14T20:10:02.181] VERBOSE: mask=a0000 outMask=0005
	/Users/glf/workspace/ai/deskflow/src/lib/platform/OSXKeyState.cpp:236
[2026-07-14T20:10:02.181] VERBOSE: mask=a0000 outMask=0005
	/Users/glf/workspace/ai/deskflow/src/lib/platform/OSXKeyState.cpp:236
[2026-07-14T20:10:02.181] VERBOSE: add key: 25ca 0 00a 0000 (0005 0005 0000)
	/Users/glf/workspace/ai/deskflow/src/lib/deskflow/KeyMap.cpp:91
[2026-07-14T20:10:02.181] VERBOSE: mask=a0000 outMask=0005
	/Users/glf/workspace/ai/deskflow/src/lib/platform/OSXKeyState.cpp:236
[2026-07-14T20:10:02.181] VERBOSE: mask=0000 outMask=0000
	/Users/glf/workspace/ai/deskflow/src/lib/platform/OSXKeyState.cpp:236
[2026-07-14T20:10:02.181] VERBOSE: add key: 00a7 0 00b 0000 (0000 0005 0000)
	/Users/glf/workspace/ai/deskflow/src/lib/deskflow/KeyMap.cpp:91
[2026-07-14T20:10:02.181] VERBOSE: mask=80000 outMask=0004
	/Users/glf/workspace/ai/deskflow/src/lib/platform/OSXKeyState.cpp:236
[2026-07-14T20:10:02.181] VERBOSE: add key: 00a7 0 00b 0000 (0004 0005 0000)
	/Users/glf/workspace/ai/deskflow/src/lib/deskflow/KeyMap.cpp:91
[2026-07-14T20:10:02.181] VERBOSE: mask=a0000 outMask=0005
	/Users/glf/workspace/ai/deskflow/src/lib/platform/OSXKeyState.cpp:236
[2026-07-14T20:10:02.181] VERBOSE: mask=20000 outMask=0001
	/Users/glf/workspace/ai/deskflow/src/lib/platform/OSXKeyState.cpp:236
[2026-07-14T20:10:02.181] VERBOSE: add key: 00b1 0 00b 0000 (0001 0005 0000)
	/Users/glf/workspace/ai/deskflow/src/lib/deskflow/KeyMap.cpp:91
[2026-07-14T20:10:02.181] VERBOSE: mask=a0000 outMask=0005
	/Users/glf/workspace/ai/deskflow/src/lib/platform/OSXKeyState.cpp:236
[2026-07-14T20:10:02.181] VERBOSE: add key: 00b1 0 00b 0000 (0005 0005 0000)
	/Users/glf/workspace/ai/deskflow/src/lib/deskflow/KeyMap.cpp:91
[2026-07-14T20:10:02.181] VERBOSE: mask=0000 outMask=0000
	/Users/glf/workspace/ai/deskflow/src/lib/platform/OSXKeyState.cpp:236
[2026-07-14T20:10:02.181] VERBOSE: mask=e0000 outMask=0007
	/Users/glf/workspace/ai/deskflow/src/lib/platform/OSXKeyState.cpp:236
[2026-07-14T20:10:02.181] VERBOSE: mask=0000 outMask=0000
	/Users/glf/workspace/ai/deskflow/src/lib/platform/OSXKeyState.cpp:236
[2026-07-14T20:10:02.181] VERBOSE: add key: 0062 0 00c 0000 (0000 0007 0000)
	/Users/glf/workspace/ai/deskflow/src/lib/deskflow/KeyMap.cpp:91
[2026-07-14T20:10:02.181] VERBOSE: mask=e0000 outMask=0007
	/Users/glf/workspace/ai/deskflow/src/lib/platform/OSXKeyState.cpp:236
[2026-07-14T20:10:02.181] VERBOSE: mask=20000 outMask=0001
	/Users/glf/workspace/ai/deskflow/src/lib/platform/OSXKeyState.cpp:236
[2026-07-14T20:10:02.182] VERBOSE: add key: 0042 0 00c 0000 (0001 0007 0000)
	/Users/glf/workspace/ai/deskflow/src/lib/deskflow/KeyMap.cpp:91
[2026-07-14T20:10:02.182] VERBOSE: mask=40000 outMask=0002
	/Users/glf/workspace/ai/deskflow/src/lib/platform/OSXKeyState.cpp:236
[2026-07-14T20:10:02.182] VERBOSE: add key: 0042 0 00c 0000 (0002 0007 0000)
	/Users/glf/workspace/ai/deskflow/src/lib/deskflow/KeyMap.cpp:91
[2026-07-14T20:10:02.182] VERBOSE: mask=60000 outMask=0003
	/Users/glf/workspace/ai/deskflow/src/lib/platform/OSXKeyState.cpp:236
[2026-07-14T20:10:02.182] VERBOSE: add key: 0042 0 00c 0000 (0003 0007 0000)
	/Users/glf/workspace/ai/deskflow/src/lib/deskflow/KeyMap.cpp:91
[2026-07-14T20:10:02.182] VERBOSE: mask=e0000 outMask=0007
	/Users/glf/workspace/ai/deskflow/src/lib/platform/OSXKeyState.cpp:236
[2026-07-14T20:10:02.182] VERBOSE: mask=80000 outMask=0004
	/Users/glf/workspace/ai/deskflow/src/lib/platform/OSXKeyState.cpp:236
[2026-07-14T20:10:02.182] VERBOSE: add key: 222b 0 00c 0000 (0004 0007 0000)
	/Users/glf/workspace/ai/deskflow/src/lib/deskflow/KeyMap.cpp:91
[2026-07-14T20:10:02.182] VERBOSE: mask=e0000 outMask=0007
	/Users/glf/workspace/ai/deskflow/src/lib/platform/OSXKeyState.cpp:236
[2026-07-14T20:10:02.182] VERBOSE: mask=a0000 outMask=0005
	/Users/glf/workspace/ai/deskflow/src/lib/platform/OSXKeyState.cpp:236
[2026-07-14T20:10:02.182] VERBOSE: add key: 0131 0 00c 0000 (0005 0007 0000)
	/Users/glf/workspace/ai/deskflow/src/lib/deskflow/KeyMap.cpp:91
[2026-07-14T20:10:02.182] VERBOSE: mask=c0000 outMask=0006
	/Users/glf/workspace/ai/deskflow/src/lib/platform/OSXKeyState.cpp:236
[2026-07-14T20:10:02.182] VERBOSE: add key: 0131 0 00c 0000 (0006 0007 0000)
	/Users/glf/workspace/ai/deskflow/src/lib/deskflow/KeyMap.cpp:91
[2026-07-14T20:10:02.182] VERBOSE: mask=e0000 outMask=0007
	/Users/glf/workspace/ai/deskflow/src/lib/platform/OSXKeyState.cpp:236
[2026-07-14T20:10:02.182] VERBOSE: add key: 0131 0 00c 0000 (0007 0007 0000)
	/Users/glf/workspace/ai/deskflow/src/lib/deskflow/KeyMap.cpp:91
[2026-07-14T20:10:02.182] VERBOSE: mask=e0000 outMask=0007
	/Users/glf/workspace/ai/deskflow/src/lib/platform/OSXKeyState.cpp:236
[2026-07-14T20:10:02.182] VERBOSE: mask=0000 outMask=0000
	/Users/glf/workspace/ai/deskflow/src/lib/platform/OSXKeyState.cpp:236
[2026-07-14T20:10:02.182] VERBOSE: add key: 0071 0 00d 0000 (0000 0007 0000)
	/Users/glf/workspace/ai/deskflow/src/lib/deskflow/KeyMap.cpp:91
[2026-07-14T20:10:02.182] VERBOSE: mask=e0000 outMask=0007
	/Users/glf/workspace/ai/deskflow/src/lib/platform/OSXKeyState.cpp:236
[2026-07-14T20:10:02.182] VERBOSE: mask=20000 outMask=0001
	/Users/glf/workspace/ai/deskflow/src/lib/platform/OSXKeyState.cpp:236
[2026-07-14T20:10:02.182] VERBOSE: add key: 0051 0 00d 0000 (0001 0007 0000)
	/Users/glf/workspace/ai/deskflow/src/lib/deskflow/KeyMap.cpp:91
[2026-07-14T20:10:02.182] VERBOSE: mask=40000 outMask=0002
	/Users/glf/workspace/ai/deskflow/src/lib/platform/OSXKeyState.cpp:236
[2026-07-14T20:10:02.182] VERBOSE: add key: 0051 0 00d 0000 (0002 0007 0000)
	/Users/glf/workspace/ai/deskflow/src/lib/deskflow/KeyMap.cpp:91
[2026-07-14T20:10:02.182] VERBOSE: mask=60000 outMask=0003
	/Users/glf/workspace/ai/deskflow/src/lib/platform/OSXKeyState.cpp:236
[2026-07-14T20:10:02.182] VERBOSE: add key: 0051 0 00d 0000 (0003 0007 0000)
	/Users/glf/workspace/ai/deskflow/src/lib/deskflow/KeyMap.cpp:91
[2026-07-14T20:10:02.182] VERBOSE: mask=e0000 outMask=0007
	/Users/glf/workspace/ai/deskflow/src/lib/platform/OSXKeyState.cpp:236
[2026-07-14T20:10:02.182] VERBOSE: mask=80000 outMask=0004
	/Users/glf/workspace/ai/deskflow/src/lib/platform/OSXKeyState.cpp:236
[2026-07-14T20:10:02.182] VERBOSE: add key: 0153 0 00d 0000 (0004 0007 0000)
	/Users/glf/workspace/ai/deskflow/src/lib/deskflow/KeyMap.cpp:91
[2026-07-14T20:10:02.182] VERBOSE: mask=e0000 outMask=0007
	/Users/glf/workspace/ai/deskflow/src/lib/platform/OSXKeyState.cpp:236
[2026-07-14T20:10:02.182] VERBOSE: mask=a0000 outMask=0005
	/Users/glf/workspace/ai/deskflow/src/lib/platform/OSXKeyState.cpp:236
[2026-07-14T20:10:02.182] VERBOSE: add key: 0152 0 00d 0000 (0005 0007 0000)
	/Users/glf/workspace/ai/deskflow/src/lib/deskflow/KeyMap.cpp:91
[2026-07-14T20:10:02.182] VERBOSE: mask=c0000 outMask=0006
	/Users/glf/workspace/ai/deskflow/src/lib/platform/OSXKeyState.cpp:236
[2026-07-14T20:10:02.182] VERBOSE: add key: 0152 0 00d 0000 (0006 0007 0000)
	/Users/glf/workspace/ai/deskflow/src/lib/deskflow/KeyMap.cpp:91
[2026-07-14T20:10:02.182] VERBOSE: mask=e0000 outMask=0007
	/Users/glf/workspace/ai/deskflow/src/lib/platform/OSXKeyState.cpp:236
[2026-07-14T20:10:02.182] VERBOSE: add key: 0152 0 00d 0000 (0007 0007 0000)
	/Users/glf/workspace/ai/deskflow/src/lib/deskflow/KeyMap.cpp:91
[2026-07-14T20:10:02.182] VERBOSE: mask=e0000 outMask=0007
	/Users/glf/workspace/ai/deskflow/src/lib/platform/OSXKeyState.cpp:236
[2026-07-14T20:10:02.182] VERBOSE: mask=0000 outMask=0000
	/Users/glf/workspace/ai/deskflow/src/lib/platform/OSXKeyState.cpp:236
[2026-07-14T20:10:02.182] VERBOSE: add key: 0077 0 00e 0000 (0000 0007 0000)
	/Users/glf/workspace/ai/deskflow/src/lib/deskflow/KeyMap.cpp:91
[2026-07-14T20:10:02.182] VERBOSE: mask=e0000 outMask=0007
	/Users/glf/workspace/ai/deskflow/src/lib/platform/OSXKeyState.cpp:236
[2026-07-14T20:10:02.182] VERBOSE: mask=20000 outMask=0001
	/Users/glf/workspace/ai/deskflow/src/lib/platform/OSXKeyState.cpp:236
[2026-07-14T20:10:02.182] VERBOSE: add key: 0057 0 00e 0000 (0001 0007 0000)
	/Users/glf/workspace/ai/deskflow/src/lib/deskflow/KeyMap.cpp:91
[2026-07-14T20:10:02.182] VERBOSE: mask=40000 outMask=0002
	/Users/glf/workspace/ai/deskflow/src/lib/platform/OSXKeyState.cpp:236
[2026-07-14T20:10:02.182] VERBOSE: add key: 0057 0 00e 0000 (0002 0007 0000)
	/Users/glf/workspace/ai/deskflow/src/lib/deskflow/KeyMap.cpp:91
[2026-07-14T20:10:02.182] VERBOSE: mask=60000 outMask=0003
	/Users/glf/workspace/ai/deskflow/src/lib/platform/OSXKeyState.cpp:236
[2026-07-14T20:10:02.182] VERBOSE: add key: 0057 0 00e 0000 (0003 0007 0000)
	/Users/glf/workspace/ai/deskflow/src/lib/deskflow/KeyMap.cpp:91
[2026-07-14T20:10:02.182] VERBOSE: mask=a0000 outMask=0005
	/Users/glf/workspace/ai/deskflow/src/lib/platform/OSXKeyState.cpp:236
[2026-07-14T20:10:02.182] VERBOSE: mask=80000 outMask=0004
	/Users/glf/workspace/ai/deskflow/src/lib/platform/OSXKeyState.cpp:236
[2026-07-14T20:10:02.182] VERBOSE: add key: 2211 0 00e 0000 (0004 0005 0000)
	/Users/glf/workspace/ai/deskflow/src/lib/deskflow/KeyMap.cpp:91
[2026-07-14T20:10:02.182] VERBOSE: mask=a0000 outMask=0005
	/Users/glf/workspace/ai/deskflow/src/lib/platform/OSXKeyState.cpp:236
[2026-07-14T20:10:02.182] VERBOSE: mask=a0000 outMask=0005
	/Users/glf/workspace/ai/deskflow/src/lib/platform/OSXKeyState.cpp:236
[2026-07-14T20:10:02.182] VERBOSE: add key: 201e 0 00e 0000 (0005 0005 0000)
	/Users/glf/workspace/ai/deskflow/src/lib/deskflow/KeyMap.cpp:91
[2026-07-14T20:10:02.182] VERBOSE: mask=e0000 outMask=0007
	/Users/glf/workspace/ai/deskflow/src/lib/platform/OSXKeyState.cpp:236
[2026-07-14T20:10:02.182] VERBOSE: mask=0000 outMask=0000
	/Users/glf/workspace/ai/deskflow/src/lib/platform/OSXKeyState.cpp:236
[2026-07-14T20:10:02.182] VERBOSE: add key: 0065 0 00f 0000 (0000 0007 0000)
	/Users/glf/workspace/ai/deskflow/src/lib/deskflow/KeyMap.cpp:91
[2026-07-14T20:10:02.182] VERBOSE: mask=e0000 outMask=0007
	/Users/glf/workspace/ai/deskflow/src/lib/platform/OSXKeyState.cpp:236
[2026-07-14T20:10:02.182] VERBOSE: mask=20000 outMask=0001
	/Users/glf/workspace/ai/deskflow/src/lib/platform/OSXKeyState.cpp:236
[2026-07-14T20:10:02.182] VERBOSE: add key: 0045 0 00f 0000 (0001 0007 0000)
	/Users/glf/workspace/ai/deskflow/src/lib/deskflow/KeyMap.cpp:91
[2026-07-14T20:10:02.182] VERBOSE: mask=40000 outMask=0002
	/Users/glf/workspace/ai/deskflow/src/lib/platform/OSXKeyState.cpp:236
[2026-07-14T20:10:02.182] VERBOSE: add key: 0045 0 00f 0000 (0002 0007 0000)
	/Users/glf/workspace/ai/deskflow/src/lib/deskflow/KeyMap.cpp:91
[2026-07-14T20:10:02.182] VERBOSE: mask=60000 outMask=0003
	/Users/glf/workspace/ai/deskflow/src/lib/platform/OSXKeyState.cpp:236
[2026-07-14T20:10:02.182] VERBOSE: add key: 0045 0 00f 0000 (0003 0007 0000)
	/Users/glf/workspace/ai/deskflow/src/lib/deskflow/KeyMap.cpp:91
[2026-07-14T20:10:02.182] VERBOSE: mask=e0000 outMask=0007
	/Users/glf/workspace/ai/deskflow/src/lib/platform/OSXKeyState.cpp:236
[2026-07-14T20:10:02.182] VERBOSE: mask=80000 outMask=0004
	/Users/glf/workspace/ai/deskflow/src/lib/platform/OSXKeyState.cpp:236
[2026-07-14T20:10:02.182] VERBOSE: add key: 0301 0 00f 0001 (0004 0007 0000) dead
	/Users/glf/workspace/ai/deskflow/src/lib/deskflow/KeyMap.cpp:91
[2026-07-14T20:10:02.182] VERBOSE: mask=e0000 outMask=0007
	/Users/glf/workspace/ai/deskflow/src/lib/platform/OSXKeyState.cpp:236
[2026-07-14T20:10:02.182] VERBOSE: mask=a0000 outMask=0005
	/Users/glf/workspace/ai/deskflow/src/lib/platform/OSXKeyState.cpp:236
[2026-07-14T20:10:02.183] VERBOSE: add key: 00b4 0 00f 0000 (0005 0007 0000)
	/Users/glf/workspace/ai/deskflow/src/lib/deskflow/KeyMap.cpp:91
[2026-07-14T20:10:02.183] VERBOSE: mask=c0000 outMask=0006
	/Users/glf/workspace/ai/deskflow/src/lib/platform/OSXKeyState.cpp:236
[2026-07-14T20:10:02.183] VERBOSE: add key: 00b4 0 00f 0000 (0006 0007 0000)
	/Users/glf/workspace/ai/deskflow/src/lib/deskflow/KeyMap.cpp:91
[2026-07-14T20:10:02.183] VERBOSE: mask=e0000 outMask=0007
	/Users/glf/workspace/ai/deskflow/src/lib/platform/OSXKeyState.cpp:236
[2026-07-14T20:10:02.183] VERBOSE: add key: 00b4 0 00f 0000 (0007 0007 0000)
	/Users/glf/workspace/ai/deskflow/src/lib/deskflow/KeyMap.cpp:91
[2026-07-14T20:10:02.183] VERBOSE: mask=e0000 outMask=0007
	/Users/glf/workspace/ai/deskflow/src/lib/platform/OSXKeyState.cpp:236
[2026-07-14T20:10:02.183] VERBOSE: mask=0000 outMask=0000
	/Users/glf/workspace/ai/deskflow/src/lib/platform/OSXKeyState.cpp:236
[2026-07-14T20:10:02.183] VERBOSE: add key: 0072 0 010 0000 (0000 0007 0000)
	/Users/glf/workspace/ai/deskflow/src/lib/deskflow/KeyMap.cpp:91
[2026-07-14T20:10:02.183] VERBOSE: mask=e0000 outMask=0007
	/Users/glf/workspace/ai/deskflow/src/lib/platform/OSXKeyState.cpp:236
[2026-07-14T20:10:02.183] VERBOSE: mask=20000 outMask=0001
	/Users/glf/workspace/ai/deskflow/src/lib/platform/OSXKeyState.cpp:236
[2026-07-14T20:10:02.183] VERBOSE: add key: 0052 0 010 0000 (0001 0007 0000)
	/Users/glf/workspace/ai/deskflow/src/lib/deskflow/KeyMap.cpp:91
[2026-07-14T20:10:02.183] VERBOSE: mask=40000 outMask=0002
	/Users/glf/workspace/ai/deskflow/src/lib/platform/OSXKeyState.cpp:236
[2026-07-14T20:10:02.183] VERBOSE: add key: 0052 0 010 0000 (0002 0007 0000)
	/Users/glf/workspace/ai/deskflow/src/lib/deskflow/KeyMap.cpp:91
[2026-07-14T20:10:02.183] VERBOSE: mask=60000 outMask=0003
	/Users/glf/workspace/ai/deskflow/src/lib/platform/OSXKeyState.cpp:236
[2026-07-14T20:10:02.183] VERBOSE: add key: 0052 0 010 0000 (0003 0007 0000)
	/Users/glf/workspace/ai/deskflow/src/lib/deskflow/KeyMap.cpp:91
[2026-07-14T20:10:02.183] VERBOSE: mask=a0000 outMask=0005
	/Users/glf/workspace/ai/deskflow/src/lib/platform/OSXKeyState.cpp:236
[2026-07-14T20:10:02.183] VERBOSE: mask=80000 outMask=0004
	/Users/glf/workspace/ai/deskflow/src/lib/platform/OSXKeyState.cpp:236
[2026-07-14T20:10:02.183] VERBOSE: add key: 00ae 0 010 0000 (0004 0005 0000)
	/Users/glf/workspace/ai/deskflow/src/lib/deskflow/KeyMap.cpp:91
[2026-07-14T20:10:02.183] VERBOSE: mask=a0000 outMask=0005
	/Users/glf/workspace/ai/deskflow/src/lib/platform/OSXKeyState.cpp:236
[2026-07-14T20:10:02.183] VERBOSE: mask=a0000 outMask=0005
	/Users/glf/workspace/ai/deskflow/src/lib/platform/OSXKeyState.cpp:236
[2026-07-14T20:10:02.183] VERBOSE: add key: 2030 0 010 0000 (0005 0005 0000)
	/Users/glf/workspace/ai/deskflow/src/lib/deskflow/KeyMap.cpp:91
[2026-07-14T20:10:02.183] VERBOSE: mask=e0000 outMask=0007
	/Users/glf/workspace/ai/deskflow/src/lib/platform/OSXKeyState.cpp:236
[2026-07-14T20:10:02.183] VERBOSE: mask=0000 outMask=0000
	/Users/glf/workspace/ai/deskflow/src/lib/platform/OSXKeyState.cpp:236
[2026-07-14T20:10:02.183] VERBOSE: add key: 0079 0 011 0000 (0000 0007 0000)
	/Users/glf/workspace/ai/deskflow/src/lib/deskflow/KeyMap.cpp:91
[2026-07-14T20:10:02.183] VERBOSE: mask=e0000 outMask=0007
	/Users/glf/workspace/ai/deskflow/src/lib/platform/OSXKeyState.cpp:236
[2026-07-14T20:10:02.183] VERBOSE: mask=20000 outMask=0001
	/Users/glf/workspace/ai/deskflow/src/lib/platform/OSXKeyState.cpp:236
[2026-07-14T20:10:02.183] VERBOSE: add key: 0059 0 011 0000 (0001 0007 0000)
	/Users/glf/workspace/ai/deskflow/src/lib/deskflow/KeyMap.cpp:91
[2026-07-14T20:10:02.183] VERBOSE: mask=40000 outMask=0002
	/Users/glf/workspace/ai/deskflow/src/lib/platform/OSXKeyState.cpp:236
[2026-07-14T20:10:02.183] VERBOSE: add key: 0059 0 011 0000 (0002 0007 0000)
	/Users/glf/workspace/ai/deskflow/src/lib/deskflow/KeyMap.cpp:91
[2026-07-14T20:10:02.183] VERBOSE: mask=60000 outMask=0003
	/Users/glf/workspace/ai/deskflow/src/lib/platform/OSXKeyState.cpp:236
[2026-07-14T20:10:02.183] VERBOSE: add key: 0059 0 011 0000 (0003 0007 0000)
	/Users/glf/workspace/ai/deskflow/src/lib/deskflow/KeyMap.cpp:91
[2026-07-14T20:10:02.183] VERBOSE: mask=e0000 outMask=0007
	/Users/glf/workspace/ai/deskflow/src/lib/platform/OSXKeyState.cpp:236
[2026-07-14T20:10:02.183] VERBOSE: mask=80000 outMask=0004
	/Users/glf/workspace/ai/deskflow/src/lib/platform/OSXKeyState.cpp:236
[2026-07-14T20:10:02.183] VERBOSE: add key: 00a5 0 011 0000 (0004 0007 0000)
	/Users/glf/workspace/ai/deskflow/src/lib/deskflow/KeyMap.cpp:91
[2026-07-14T20:10:02.183] VERBOSE: mask=e0000 outMask=0007
	/Users/glf/workspace/ai/deskflow/src/lib/platform/OSXKeyState.cpp:236
[2026-07-14T20:10:02.183] VERBOSE: mask=a0000 outMask=0005
	/Users/glf/workspace/ai/deskflow/src/lib/platform/OSXKeyState.cpp:236
[2026-07-14T20:10:02.183] VERBOSE: add key: 00c1 0 011 0000 (0005 0007 0000)
	/Users/glf/workspace/ai/deskflow/src/lib/deskflow/KeyMap.cpp:91
[2026-07-14T20:10:02.183] VERBOSE: mask=c0000 outMask=0006
	/Users/glf/workspace/ai/deskflow/src/lib/platform/OSXKeyState.cpp:236
[2026-07-14T20:10:02.183] VERBOSE: add key: 00c1 0 011 0000 (0006 0007 0000)
	/Users/glf/workspace/ai/deskflow/src/lib/deskflow/KeyMap.cpp:91
[2026-07-14T20:10:02.183] VERBOSE: mask=e0000 outMask=0007
	/Users/glf/workspace/ai/deskflow/src/lib/platform/OSXKeyState.cpp:236
[2026-07-14T20:10:02.183] VERBOSE: add key: 00c1 0 011 0000 (0007 0007 0000)
	/Users/glf/workspace/ai/deskflow/src/lib/deskflow/KeyMap.cpp:91
[2026-07-14T20:10:02.183] VERBOSE: mask=e0000 outMask=0007
	/Users/glf/workspace/ai/deskflow/src/lib/platform/OSXKeyState.cpp:236
[2026-07-14T20:10:02.183] VERBOSE: mask=0000 outMask=0000
	/Users/glf/workspace/ai/deskflow/src/lib/platform/OSXKeyState.cpp:236
[2026-07-14T20:10:02.183] VERBOSE: add key: 0074 0 012 0000 (0000 0007 0000)
	/Users/glf/workspace/ai/deskflow/src/lib/deskflow/KeyMap.cpp:91
[2026-07-14T20:10:02.183] VERBOSE: mask=e0000 outMask=0007
	/Users/glf/workspace/ai/deskflow/src/lib/platform/OSXKeyState.cpp:236
[2026-07-14T20:10:02.183] VERBOSE: mask=20000 outMask=0001
	/Users/glf/workspace/ai/deskflow/src/lib/platform/OSXKeyState.cpp:236
[2026-07-14T20:10:02.183] VERBOSE: add key: 0054 0 012 0000 (0001 0007 0000)
	/Users/glf/workspace/ai/deskflow/src/lib/deskflow/KeyMap.cpp:91
[2026-07-14T20:10:02.183] VERBOSE: mask=40000 outMask=0002
	/Users/glf/workspace/ai/deskflow/src/lib/platform/OSXKeyState.cpp:236
[2026-07-14T20:10:02.183] VERBOSE: add key: 0054 0 012 0000 (0002 0007 0000)
	/Users/glf/workspace/ai/deskflow/src/lib/deskflow/KeyMap.cpp:91
[2026-07-14T20:10:02.183] VERBOSE: mask=60000 outMask=0003
	/Users/glf/workspace/ai/deskflow/src/lib/platform/OSXKeyState.cpp:236
[2026-07-14T20:10:02.183] VERBOSE: add key: 0054 0 012 0000 (0003 0007 0000)
	/Users/glf/workspace/ai/deskflow/src/lib/deskflow/KeyMap.cpp:91
[2026-07-14T20:10:02.183] VERBOSE: mask=a0000 outMask=0005
	/Users/glf/workspace/ai/deskflow/src/lib/platform/OSXKeyState.cpp:236
[2026-07-14T20:10:02.183] VERBOSE: mask=80000 outMask=0004
	/Users/glf/workspace/ai/deskflow/src/lib/platform/OSXKeyState.cpp:236
[2026-07-14T20:10:02.183] VERBOSE: add key: 2020 0 012 0000 (0004 0005 0000)
	/Users/glf/workspace/ai/deskflow/src/lib/deskflow/KeyMap.cpp:91
[2026-07-14T20:10:02.183] VERBOSE: mask=a0000 outMask=0005
	/Users/glf/workspace/ai/deskflow/src/lib/platform/OSXKeyState.cpp:236
[2026-07-14T20:10:02.183] VERBOSE: mask=a0000 outMask=0005
	/Users/glf/workspace/ai/deskflow/src/lib/platform/OSXKeyState.cpp:236
[2026-07-14T20:10:02.183] VERBOSE: add key: 02c7 0 012 0000 (0005 0005 0000)
	/Users/glf/workspace/ai/deskflow/src/lib/deskflow/KeyMap.cpp:91
[2026-07-14T20:10:02.183] VERBOSE: mask=a0000 outMask=0005
	/Users/glf/workspace/ai/deskflow/src/lib/platform/OSXKeyState.cpp:236
[2026-07-14T20:10:02.183] VERBOSE: mask=0000 outMask=0000
	/Users/glf/workspace/ai/deskflow/src/lib/platform/OSXKeyState.cpp:236
[2026-07-14T20:10:02.183] VERBOSE: add key: 0031 0 013 0000 (0000 0005 0000)
	/Users/glf/workspace/ai/deskflow/src/lib/deskflow/KeyMap.cpp:91
[2026-07-14T20:10:02.183] VERBOSE: mask=a0000 outMask=0005
	/Users/glf/workspace/ai/deskflow/src/lib/platform/OSXKeyState.cpp:236
[2026-07-14T20:10:02.183] VERBOSE: mask=20000 outMask=0001
	/Users/glf/workspace/ai/deskflow/src/lib/platform/OSXKeyState.cpp:236
[2026-07-14T20:10:02.183] VERBOSE: add key: 0021 0 013 0000 (0001 0005 0000)
	/Users/glf/workspace/ai/deskflow/src/lib/deskflow/KeyMap.cpp:91
[2026-07-14T20:10:02.183] VERBOSE: mask=a0000 outMask=0005
	/Users/glf/workspace/ai/deskflow/src/lib/platform/OSXKeyState.cpp:236
[2026-07-14T20:10:02.183] VERBOSE: mask=80000 outMask=0004
	/Users/glf/workspace/ai/deskflow/src/lib/platform/OSXKeyState.cpp:236
[2026-07-14T20:10:02.183] VERBOSE: add key: 00a1 0 013 0000 (0004 0005 0000)
	/Users/glf/workspace/ai/deskflow/src/lib/deskflow/KeyMap.cpp:91
[2026-07-14T20:10:02.183] VERBOSE: mask=a0000 outMask=0005
	/Users/glf/workspace/ai/deskflow/src/lib/platform/OSXKeyState.cpp:236
[2026-07-14T20:10:02.183] VERBOSE: mask=a0000 outMask=0005
	/Users/glf/workspace/ai/deskflow/src/lib/platform/OSXKeyState.cpp:236
[2026-07-14T20:10:02.183] VERBOSE: add key: 2044 0 013 0000 (0005 0005 0000)
	/Users/glf/workspace/ai/deskflow/src/lib/deskflow/KeyMap.cpp:91
[2026-07-14T20:10:02.183] VERBOSE: mask=a0000 outMask=0005
	/Users/glf/workspace/ai/deskflow/src/lib/platform/OSXKeyState.cpp:236
[2026-07-14T20:10:02.184] VERBOSE: mask=0000 outMask=0000
	/Users/glf/workspace/ai/deskflow/src/lib/platform/OSXKeyState.cpp:236
[2026-07-14T20:10:02.184] VERBOSE: add key: 0032 0 014 0000 (0000 0005 0000)
	/Users/glf/workspace/ai/deskflow/src/lib/deskflow/KeyMap.cpp:91
[2026-07-14T20:10:02.184] VERBOSE: mask=a0000 outMask=0005
	/Users/glf/workspace/ai/deskflow/src/lib/platform/OSXKeyState.cpp:236
[2026-07-14T20:10:02.184] VERBOSE: mask=20000 outMask=0001
	/Users/glf/workspace/ai/deskflow/src/lib/platform/OSXKeyState.cpp:236
[2026-07-14T20:10:02.184] VERBOSE: add key: 0040 0 014 0000 (0001 0005 0000)
	/Users/glf/workspace/ai/deskflow/src/lib/deskflow/KeyMap.cpp:91
[2026-07-14T20:10:02.184] VERBOSE: mask=a0000 outMask=0005
	/Users/glf/workspace/ai/deskflow/src/lib/platform/OSXKeyState.cpp:236
[2026-07-14T20:10:02.184] VERBOSE: mask=80000 outMask=0004
	/Users/glf/workspace/ai/deskflow/src/lib/platform/OSXKeyState.cpp:236
[2026-07-14T20:10:02.184] VERBOSE: add key: 2122 0 014 0000 (0004 0005 0000)
	/Users/glf/workspace/ai/deskflow/src/lib/deskflow/KeyMap.cpp:91
[2026-07-14T20:10:02.184] VERBOSE: mask=a0000 outMask=0005
	/Users/glf/workspace/ai/deskflow/src/lib/platform/OSXKeyState.cpp:236
[2026-07-14T20:10:02.184] VERBOSE: mask=a0000 outMask=0005
	/Users/glf/workspace/ai/deskflow/src/lib/platform/OSXKeyState.cpp:236
[2026-07-14T20:10:02.184] VERBOSE: add key: 20ac 0 014 0000 (0005 0005 0000)
	/Users/glf/workspace/ai/deskflow/src/lib/deskflow/KeyMap.cpp:91
[2026-07-14T20:10:02.184] VERBOSE: mask=a0000 outMask=0005
	/Users/glf/workspace/ai/deskflow/src/lib/platform/OSXKeyState.cpp:236
[2026-07-14T20:10:02.184] VERBOSE: mask=0000 outMask=0000
	/Users/glf/workspace/ai/deskflow/src/lib/platform/OSXKeyState.cpp:236
[2026-07-14T20:10:02.184] VERBOSE: add key: 0033 0 015 0000 (0000 0005 0000)
	/Users/glf/workspace/ai/deskflow/src/lib/deskflow/KeyMap.cpp:91
[2026-07-14T20:10:02.184] VERBOSE: mask=a0000 outMask=0005
	/Users/glf/workspace/ai/deskflow/src/lib/platform/OSXKeyState.cpp:236
[2026-07-14T20:10:02.184] VERBOSE: mask=20000 outMask=0001
	/Users/glf/workspace/ai/deskflow/src/lib/platform/OSXKeyState.cpp:236
[2026-07-14T20:10:02.184] VERBOSE: add key: 0023 0 015 0000 (0001 0005 0000)
	/Users/glf/workspace/ai/deskflow/src/lib/deskflow/KeyMap.cpp:91
[2026-07-14T20:10:02.184] VERBOSE: mask=a0000 outMask=0005
	/Users/glf/workspace/ai/deskflow/src/lib/platform/OSXKeyState.cpp:236
[2026-07-14T20:10:02.184] VERBOSE: mask=80000 outMask=0004
	/Users/glf/workspace/ai/deskflow/src/lib/platform/OSXKeyState.cpp:236
[2026-07-14T20:10:02.184] VERBOSE: add key: 00a3 0 015 0000 (0004 0005 0000)
	/Users/glf/workspace/ai/deskflow/src/lib/deskflow/KeyMap.cpp:91
[2026-07-14T20:10:02.184] VERBOSE: mask=a0000 outMask=0005
	/Users/glf/workspace/ai/deskflow/src/lib/platform/OSXKeyState.cpp:236
[2026-07-14T20:10:02.184] VERBOSE: mask=a0000 outMask=0005
	/Users/glf/workspace/ai/deskflow/src/lib/platform/OSXKeyState.cpp:236
[2026-07-14T20:10:02.184] VERBOSE: add key: 2039 0 015 0000 (0005 0005 0000)
	/Users/glf/workspace/ai/deskflow/src/lib/deskflow/KeyMap.cpp:91
[2026-07-14T20:10:02.184] VERBOSE: mask=a0000 outMask=0005
	/Users/glf/workspace/ai/deskflow/src/lib/platform/OSXKeyState.cpp:236
[2026-07-14T20:10:02.184] VERBOSE: mask=0000 outMask=0000
	/Users/glf/workspace/ai/deskflow/src/lib/platform/OSXKeyState.cpp:236
[2026-07-14T20:10:02.184] VERBOSE: add key: 0034 0 016 0000 (0000 0005 0000)
	/Users/glf/workspace/ai/deskflow/src/lib/deskflow/KeyMap.cpp:91
[2026-07-14T20:10:02.184] VERBOSE: mask=a0000 outMask=0005
	/Users/glf/workspace/ai/deskflow/src/lib/platform/OSXKeyState.cpp:236
[2026-07-14T20:10:02.184] VERBOSE: mask=20000 outMask=0001
	/Users/glf/workspace/ai/deskflow/src/lib/platform/OSXKeyState.cpp:236
[2026-07-14T20:10:02.184] VERBOSE: add key: 0024 0 016 0000 (0001 0005 0000)
	/Users/glf/workspace/ai/deskflow/src/lib/deskflow/KeyMap.cpp:91
[2026-07-14T20:10:02.184] VERBOSE: mask=a0000 outMask=0005
	/Users/glf/workspace/ai/deskflow/src/lib/platform/OSXKeyState.cpp:236
[2026-07-14T20:10:02.184] VERBOSE: mask=80000 outMask=0004
	/Users/glf/workspace/ai/deskflow/src/lib/platform/OSXKeyState.cpp:236
[2026-07-14T20:10:02.184] VERBOSE: add key: 00a2 0 016 0000 (0004 0005 0000)
	/Users/glf/workspace/ai/deskflow/src/lib/deskflow/KeyMap.cpp:91
[2026-07-14T20:10:02.184] VERBOSE: mask=a0000 outMask=0005
	/Users/glf/workspace/ai/deskflow/src/lib/platform/OSXKeyState.cpp:236
[2026-07-14T20:10:02.184] VERBOSE: mask=a0000 outMask=0005
	/Users/glf/workspace/ai/deskflow/src/lib/platform/OSXKeyState.cpp:236
[2026-07-14T20:10:02.184] VERBOSE: add key: 203a 0 016 0000 (0005 0005 0000)
	/Users/glf/workspace/ai/deskflow/src/lib/deskflow/KeyMap.cpp:91
[2026-07-14T20:10:02.184] VERBOSE: mask=a0000 outMask=0005
	/Users/glf/workspace/ai/deskflow/src/lib/platform/OSXKeyState.cpp:236
[2026-07-14T20:10:02.184] VERBOSE: mask=0000 outMask=0000
	/Users/glf/workspace/ai/deskflow/src/lib/platform/OSXKeyState.cpp:236
[2026-07-14T20:10:02.184] VERBOSE: add key: 0036 0 017 0000 (0000 0005 0000)
	/Users/glf/workspace/ai/deskflow/src/lib/deskflow/KeyMap.cpp:91
[2026-07-14T20:10:02.184] VERBOSE: mask=a0000 outMask=0005
	/Users/glf/workspace/ai/deskflow/src/lib/platform/OSXKeyState.cpp:236
[2026-07-14T20:10:02.184] VERBOSE: mask=20000 outMask=0001
	/Users/glf/workspace/ai/deskflow/src/lib/platform/OSXKeyState.cpp:236
[2026-07-14T20:10:02.184] VERBOSE: add key: 005e 0 017 0000 (0001 0005 0000)
	/Users/glf/workspace/ai/deskflow/src/lib/deskflow/KeyMap.cpp:91
[2026-07-14T20:10:02.184] VERBOSE: mask=a0000 outMask=0005
	/Users/glf/workspace/ai/deskflow/src/lib/platform/OSXKeyState.cpp:236
[2026-07-14T20:10:02.184] VERBOSE: mask=80000 outMask=0004
	/Users/glf/workspace/ai/deskflow/src/lib/platform/OSXKeyState.cpp:236
[2026-07-14T20:10:02.184] VERBOSE: add key: 00a7 0 017 0000 (0004 0005 0000)
	/Users/glf/workspace/ai/deskflow/src/lib/deskflow/KeyMap.cpp:91
[2026-07-14T20:10:02.184] VERBOSE: mask=a0000 outMask=0005
	/Users/glf/workspace/ai/deskflow/src/lib/platform/OSXKeyState.cpp:236
[2026-07-14T20:10:02.184] VERBOSE: mask=a0000 outMask=0005
	/Users/glf/workspace/ai/deskflow/src/lib/platform/OSXKeyState.cpp:236
[2026-07-14T20:10:02.184] VERBOSE: add key: fb02 0 017 0000 (0005 0005 0000)
	/Users/glf/workspace/ai/deskflow/src/lib/deskflow/KeyMap.cpp:91
[2026-07-14T20:10:02.184] VERBOSE: mask=a0000 outMask=0005
	/Users/glf/workspace/ai/deskflow/src/lib/platform/OSXKeyState.cpp:236
[2026-07-14T20:10:02.184] VERBOSE: mask=0000 outMask=0000
	/Users/glf/workspace/ai/deskflow/src/lib/platform/OSXKeyState.cpp:236
[2026-07-14T20:10:02.184] VERBOSE: add key: 0035 0 018 0000 (0000 0005 0000)
	/Users/glf/workspace/ai/deskflow/src/lib/deskflow/KeyMap.cpp:91
[2026-07-14T20:10:02.184] VERBOSE: mask=a0000 outMask=0005
	/Users/glf/workspace/ai/deskflow/src/lib/platform/OSXKeyState.cpp:236
[2026-07-14T20:10:02.184] VERBOSE: mask=20000 outMask=0001
	/Users/glf/workspace/ai/deskflow/src/lib/platform/OSXKeyState.cpp:236
[2026-07-14T20:10:02.184] VERBOSE: add key: 0025 0 018 0000 (0001 0005 0000)
	/Users/glf/workspace/ai/deskflow/src/lib/deskflow/KeyMap.cpp:91
[2026-07-14T20:10:02.184] VERBOSE: mask=a0000 outMask=0005
	/Users/glf/workspace/ai/deskflow/src/lib/platform/OSXKeyState.cpp:236
[2026-07-14T20:10:02.184] VERBOSE: mask=80000 outMask=0004
	/Users/glf/workspace/ai/deskflow/src/lib/platform/OSXKeyState.cpp:236
[2026-07-14T20:10:02.184] VERBOSE: add key: 221e 0 018 0000 (0004 0005 0000)
	/Users/glf/workspace/ai/deskflow/src/lib/deskflow/KeyMap.cpp:91
[2026-07-14T20:10:02.184] VERBOSE: mask=a0000 outMask=0005
	/Users/glf/workspace/ai/deskflow/src/lib/platform/OSXKeyState.cpp:236
[2026-07-14T20:10:02.184] VERBOSE: mask=a0000 outMask=0005
	/Users/glf/workspace/ai/deskflow/src/lib/platform/OSXKeyState.cpp:236
[2026-07-14T20:10:02.184] VERBOSE: add key: fb01 0 018 0000 (0005 0005 0000)
	/Users/glf/workspace/ai/deskflow/src/lib/deskflow/KeyMap.cpp:91
[2026-07-14T20:10:02.184] VERBOSE: mask=a0000 outMask=0005
	/Users/glf/workspace/ai/deskflow/src/lib/platform/OSXKeyState.cpp:236
[2026-07-14T20:10:02.184] VERBOSE: mask=0000 outMask=0000
	/Users/glf/workspace/ai/deskflow/src/lib/platform/OSXKeyState.cpp:236
[2026-07-14T20:10:02.184] VERBOSE: add key: 003d 0 019 0000 (0000 0005 0000)
	/Users/glf/workspace/ai/deskflow/src/lib/deskflow/KeyMap.cpp:91
[2026-07-14T20:10:02.184] VERBOSE: mask=a0000 outMask=0005
	/Users/glf/workspace/ai/deskflow/src/lib/platform/OSXKeyState.cpp:236
[2026-07-14T20:10:02.184] VERBOSE: mask=20000 outMask=0001
	/Users/glf/workspace/ai/deskflow/src/lib/platform/OSXKeyState.cpp:236
[2026-07-14T20:10:02.184] VERBOSE: add key: 002b 0 019 0000 (0001 0005 0000)
	/Users/glf/workspace/ai/deskflow/src/lib/deskflow/KeyMap.cpp:91
[2026-07-14T20:10:02.184] VERBOSE: mask=a0000 outMask=0005
	/Users/glf/workspace/ai/deskflow/src/lib/platform/OSXKeyState.cpp:236
[2026-07-14T20:10:02.184] VERBOSE: mask=80000 outMask=0004
	/Users/glf/workspace/ai/deskflow/src/lib/platform/OSXKeyState.cpp:236
[2026-07-14T20:10:02.184] VERBOSE: add key: 2260 0 019 0000 (0004 0005 0000)
	/Users/glf/workspace/ai/deskflow/src/lib/deskflow/KeyMap.cpp:91
[2026-07-14T20:10:02.184] VERBOSE: mask=a0000 outMask=0005
	/Users/glf/workspace/ai/deskflow/src/lib/platform/OSXKeyState.cpp:236
[2026-07-14T20:10:02.184] VERBOSE: mask=a0000 outMask=0005
	/Users/glf/workspace/ai/deskflow/src/lib/platform/OSXKeyState.cpp:236
[2026-07-14T20:10:02.184] VERBOSE: add key: 00b1 0 019 0000 (0005 0005 0000)
	/Users/glf/workspace/ai/deskflow/src/lib/deskflow/KeyMap.cpp:91
[2026-07-14T20:10:02.185] VERBOSE: mask=a0000 outMask=0005
	/Users/glf/workspace/ai/deskflow/src/lib/platform/OSXKeyState.cpp:236
[2026-07-14T20:10:02.185] VERBOSE: mask=0000 outMask=0000
	/Users/glf/workspace/ai/deskflow/src/lib/platform/OSXKeyState.cpp:236
[2026-07-14T20:10:02.185] VERBOSE: add key: 0039 0 01a 0000 (0000 0005 0000)
	/Users/glf/workspace/ai/deskflow/src/lib/deskflow/KeyMap.cpp:91
[2026-07-14T20:10:02.185] VERBOSE: mask=a0000 outMask=0005
	/Users/glf/workspace/ai/deskflow/src/lib/platform/OSXKeyState.cpp:236
[2026-07-14T20:10:02.185] VERBOSE: mask=20000 outMask=0001
	/Users/glf/workspace/ai/deskflow/src/lib/platform/OSXKeyState.cpp:236
[2026-07-14T20:10:02.185] VERBOSE: add key: 0028 0 01a 0000 (0001 0005 0000)
	/Users/glf/workspace/ai/deskflow/src/lib/deskflow/KeyMap.cpp:91
[2026-07-14T20:10:02.185] VERBOSE: mask=a0000 outMask=0005
	/Users/glf/workspace/ai/deskflow/src/lib/platform/OSXKeyState.cpp:236
[2026-07-14T20:10:02.185] VERBOSE: mask=80000 outMask=0004
	/Users/glf/workspace/ai/deskflow/src/lib/platform/OSXKeyState.cpp:236
[2026-07-14T20:10:02.185] VERBOSE: add key: 00aa 0 01a 0000 (0004 0005 0000)
	/Users/glf/workspace/ai/deskflow/src/lib/deskflow/KeyMap.cpp:91
[2026-07-14T20:10:02.185] VERBOSE: mask=a0000 outMask=0005
	/Users/glf/workspace/ai/deskflow/src/lib/platform/OSXKeyState.cpp:236
[2026-07-14T20:10:02.185] VERBOSE: mask=a0000 outMask=0005
	/Users/glf/workspace/ai/deskflow/src/lib/platform/OSXKeyState.cpp:236
[2026-07-14T20:10:02.185] VERBOSE: add key: 00b7 0 01a 0000 (0005 0005 0000)
	/Users/glf/workspace/ai/deskflow/src/lib/deskflow/KeyMap.cpp:91
[2026-07-14T20:10:02.185] VERBOSE: mask=a0000 outMask=0005
	/Users/glf/workspace/ai/deskflow/src/lib/platform/OSXKeyState.cpp:236
[2026-07-14T20:10:02.185] VERBOSE: mask=0000 outMask=0000
	/Users/glf/workspace/ai/deskflow/src/lib/platform/OSXKeyState.cpp:236
[2026-07-14T20:10:02.185] VERBOSE: add key: 0037 0 01b 0000 (0000 0005 0000)
	/Users/glf/workspace/ai/deskflow/src/lib/deskflow/KeyMap.cpp:91
[2026-07-14T20:10:02.185] VERBOSE: mask=a0000 outMask=0005
	/Users/glf/workspace/ai/deskflow/src/lib/platform/OSXKeyState.cpp:236
[2026-07-14T20:10:02.185] VERBOSE: mask=20000 outMask=0001
	/Users/glf/workspace/ai/deskflow/src/lib/platform/OSXKeyState.cpp:236
[2026-07-14T20:10:02.185] VERBOSE: add key: 0026 0 01b 0000 (0001 0005 0000)
	/Users/glf/workspace/ai/deskflow/src/lib/deskflow/KeyMap.cpp:91
[2026-07-14T20:10:02.185] VERBOSE: mask=a0000 outMask=0005
	/Users/glf/workspace/ai/deskflow/src/lib/platform/OSXKeyState.cpp:236
[2026-07-14T20:10:02.185] VERBOSE: mask=80000 outMask=0004
	/Users/glf/workspace/ai/deskflow/src/lib/platform/OSXKeyState.cpp:236
[2026-07-14T20:10:02.185] VERBOSE: add key: 00b6 0 01b 0000 (0004 0005 0000)
	/Users/glf/workspace/ai/deskflow/src/lib/deskflow/KeyMap.cpp:91
[2026-07-14T20:10:02.185] VERBOSE: mask=a0000 outMask=0005
	/Users/glf/workspace/ai/deskflow/src/lib/platform/OSXKeyState.cpp:236
[2026-07-14T20:10:02.185] VERBOSE: mask=a0000 outMask=0005
	/Users/glf/workspace/ai/deskflow/src/lib/platform/OSXKeyState.cpp:236
[2026-07-14T20:10:02.185] VERBOSE: add key: 2021 0 01b 0000 (0005 0005 0000)
	/Users/glf/workspace/ai/deskflow/src/lib/deskflow/KeyMap.cpp:91
[2026-07-14T20:10:02.185] VERBOSE: mask=a0000 outMask=0005
	/Users/glf/workspace/ai/deskflow/src/lib/platform/OSXKeyState.cpp:236
[2026-07-14T20:10:02.185] VERBOSE: mask=0000 outMask=0000
	/Users/glf/workspace/ai/deskflow/src/lib/platform/OSXKeyState.cpp:236
[2026-07-14T20:10:02.185] VERBOSE: add key: 002d 0 01c 0000 (0000 0005 0000)
	/Users/glf/workspace/ai/deskflow/src/lib/deskflow/KeyMap.cpp:91
[2026-07-14T20:10:02.185] VERBOSE: mask=a0000 outMask=0005
	/Users/glf/workspace/ai/deskflow/src/lib/platform/OSXKeyState.cpp:236
[2026-07-14T20:10:02.185] VERBOSE: mask=20000 outMask=0001
	/Users/glf/workspace/ai/deskflow/src/lib/platform/OSXKeyState.cpp:236
[2026-07-14T20:10:02.185] VERBOSE: add key: 005f 0 01c 0000 (0001 0005 0000)
	/Users/glf/workspace/ai/deskflow/src/lib/deskflow/KeyMap.cpp:91
[2026-07-14T20:10:02.185] VERBOSE: mask=a0000 outMask=0005
	/Users/glf/workspace/ai/deskflow/src/lib/platform/OSXKeyState.cpp:236
[2026-07-14T20:10:02.185] VERBOSE: mask=80000 outMask=0004
	/Users/glf/workspace/ai/deskflow/src/lib/platform/OSXKeyState.cpp:236
[2026-07-14T20:10:02.185] VERBOSE: add key: 2013 0 01c 0000 (0004 0005 0000)
	/Users/glf/workspace/ai/deskflow/src/lib/deskflow/KeyMap.cpp:91
[2026-07-14T20:10:02.185] VERBOSE: mask=a0000 outMask=0005
	/Users/glf/workspace/ai/deskflow/src/lib/platform/OSXKeyState.cpp:236
[2026-07-14T20:10:02.185] VERBOSE: mask=a0000 outMask=0005
	/Users/glf/workspace/ai/deskflow/src/lib/platform/OSXKeyState.cpp:236
[2026-07-14T20:10:02.185] VERBOSE: add key: 2014 0 01c 0000 (0005 0005 0000)
	/Users/glf/workspace/ai/deskflow/src/lib/deskflow/KeyMap.cpp:91
[2026-07-14T20:10:02.185] VERBOSE: mask=a0000 outMask=0005
	/Users/glf/workspace/ai/deskflow/src/lib/platform/OSXKeyState.cpp:236
[2026-07-14T20:10:02.185] VERBOSE: mask=0000 outMask=0000
	/Users/glf/workspace/ai/deskflow/src/lib/platform/OSXKeyState.cpp:236
[2026-07-14T20:10:02.185] VERBOSE: add key: 0038 0 01d 0000 (0000 0005 0000)
	/Users/glf/workspace/ai/deskflow/src/lib/deskflow/KeyMap.cpp:91
[2026-07-14T20:10:02.185] VERBOSE: mask=a0000 outMask=0005
	/Users/glf/workspace/ai/deskflow/src/lib/platform/OSXKeyState.cpp:236
[2026-07-14T20:10:02.185] VERBOSE: mask=20000 outMask=0001
	/Users/glf/workspace/ai/deskflow/src/lib/platform/OSXKeyState.cpp:236
[2026-07-14T20:10:02.185] VERBOSE: add key: 002a 0 01d 0000 (0001 0005 0000)
	/Users/glf/workspace/ai/deskflow/src/lib/deskflow/KeyMap.cpp:91
[2026-07-14T20:10:02.185] VERBOSE: mask=a0000 outMask=0005
	/Users/glf/workspace/ai/deskflow/src/lib/platform/OSXKeyState.cpp:236
[2026-07-14T20:10:02.185] VERBOSE: mask=80000 outMask=0004
	/Users/glf/workspace/ai/deskflow/src/lib/platform/OSXKeyState.cpp:236
[2026-07-14T20:10:02.185] VERBOSE: add key: 2022 0 01d 0000 (0004 0005 0000)
	/Users/glf/workspace/ai/deskflow/src/lib/deskflow/KeyMap.cpp:91
[2026-07-14T20:10:02.185] VERBOSE: mask=a0000 outMask=0005
	/Users/glf/workspace/ai/deskflow/src/lib/platform/OSXKeyState.cpp:236
[2026-07-14T20:10:02.185] VERBOSE: mask=a0000 outMask=0005
	/Users/glf/workspace/ai/deskflow/src/lib/platform/OSXKeyState.cpp:236
[2026-07-14T20:10:02.185] VERBOSE: add key: 00b0 0 01d 0000 (0005 0005 0000)
	/Users/glf/workspace/ai/deskflow/src/lib/deskflow/KeyMap.cpp:91
[2026-07-14T20:10:02.185] VERBOSE: mask=a0000 outMask=0005
	/Users/glf/workspace/ai/deskflow/src/lib/platform/OSXKeyState.cpp:236
[2026-07-14T20:10:02.185] VERBOSE: mask=0000 outMask=0000
	/Users/glf/workspace/ai/deskflow/src/lib/platform/OSXKeyState.cpp:236
[2026-07-14T20:10:02.185] VERBOSE: add key: 0030 0 01e 0000 (0000 0005 0000)
	/Users/glf/workspace/ai/deskflow/src/lib/deskflow/KeyMap.cpp:91
[2026-07-14T20:10:02.185] VERBOSE: mask=a0000 outMask=0005
	/Users/glf/workspace/ai/deskflow/src/lib/platform/OSXKeyState.cpp:236
[2026-07-14T20:10:02.185] VERBOSE: mask=20000 outMask=0001
	/Users/glf/workspace/ai/deskflow/src/lib/platform/OSXKeyState.cpp:236
[2026-07-14T20:10:02.185] VERBOSE: add key: 0029 0 01e 0000 (0001 0005 0000)
	/Users/glf/workspace/ai/deskflow/src/lib/deskflow/KeyMap.cpp:91
[2026-07-14T20:10:02.185] VERBOSE: mask=a0000 outMask=0005
	/Users/glf/workspace/ai/deskflow/src/lib/platform/OSXKeyState.cpp:236
[2026-07-14T20:10:02.185] VERBOSE: mask=80000 outMask=0004
	/Users/glf/workspace/ai/deskflow/src/lib/platform/OSXKeyState.cpp:236
[2026-07-14T20:10:02.185] VERBOSE: add key: 00ba 0 01e 0000 (0004 0005 0000)
	/Users/glf/workspace/ai/deskflow/src/lib/deskflow/KeyMap.cpp:91
[2026-07-14T20:10:02.185] VERBOSE: mask=a0000 outMask=0005
	/Users/glf/workspace/ai/deskflow/src/lib/platform/OSXKeyState.cpp:236
[2026-07-14T20:10:02.185] VERBOSE: mask=a0000 outMask=0005
	/Users/glf/workspace/ai/deskflow/src/lib/platform/OSXKeyState.cpp:236
[2026-07-14T20:10:02.185] VERBOSE: add key: 201a 0 01e 0000 (0005 0005 0000)
	/Users/glf/workspace/ai/deskflow/src/lib/deskflow/KeyMap.cpp:91
[2026-07-14T20:10:02.185] VERBOSE: mask=a0000 outMask=0005
	/Users/glf/workspace/ai/deskflow/src/lib/platform/OSXKeyState.cpp:236
[2026-07-14T20:10:02.185] VERBOSE: mask=0000 outMask=0000
	/Users/glf/workspace/ai/deskflow/src/lib/platform/OSXKeyState.cpp:236
[2026-07-14T20:10:02.185] VERBOSE: add key: 005d 0 01f 0000 (0000 0005 0000)
	/Users/glf/workspace/ai/deskflow/src/lib/deskflow/KeyMap.cpp:91
[2026-07-14T20:10:02.185] VERBOSE: mask=a0000 outMask=0005
	/Users/glf/workspace/ai/deskflow/src/lib/platform/OSXKeyState.cpp:236
[2026-07-14T20:10:02.185] VERBOSE: mask=20000 outMask=0001
	/Users/glf/workspace/ai/deskflow/src/lib/platform/OSXKeyState.cpp:236
[2026-07-14T20:10:02.185] VERBOSE: add key: 007d 0 01f 0000 (0001 0005 0000)
	/Users/glf/workspace/ai/deskflow/src/lib/deskflow/KeyMap.cpp:91
[2026-07-14T20:10:02.186] VERBOSE: mask=a0000 outMask=0005
	/Users/glf/workspace/ai/deskflow/src/lib/platform/OSXKeyState.cpp:236
[2026-07-14T20:10:02.186] VERBOSE: mask=80000 outMask=0004
	/Users/glf/workspace/ai/deskflow/src/lib/platform/OSXKeyState.cpp:236
[2026-07-14T20:10:02.186] VERBOSE: add key: 2018 0 01f 0000 (0004 0005 0000)
	/Users/glf/workspace/ai/deskflow/src/lib/deskflow/KeyMap.cpp:91
[2026-07-14T20:10:02.186] VERBOSE: mask=a0000 outMask=0005
	/Users/glf/workspace/ai/deskflow/src/lib/platform/OSXKeyState.cpp:236
[2026-07-14T20:10:02.186] VERBOSE: mask=a0000 outMask=0005
	/Users/glf/workspace/ai/deskflow/src/lib/platform/OSXKeyState.cpp:236
[2026-07-14T20:10:02.186] VERBOSE: add key: 2019 0 01f 0000 (0005 0005 0000)
	/Users/glf/workspace/ai/deskflow/src/lib/deskflow/KeyMap.cpp:91
[2026-07-14T20:10:02.186] VERBOSE: mask=e0000 outMask=0007
	/Users/glf/workspace/ai/deskflow/src/lib/platform/OSXKeyState.cpp:236
[2026-07-14T20:10:02.186] VERBOSE: mask=0000 outMask=0000
	/Users/glf/workspace/ai/deskflow/src/lib/platform/OSXKeyState.cpp:236
[2026-07-14T20:10:02.186] VERBOSE: add key: 006f 0 020 0000 (0000 0007 0000)
	/Users/glf/workspace/ai/deskflow/src/lib/deskflow/KeyMap.cpp:91
[2026-07-14T20:10:02.186] VERBOSE: mask=e0000 outMask=0007
	/Users/glf/workspace/ai/deskflow/src/lib/platform/OSXKeyState.cpp:236
[2026-07-14T20:10:02.186] VERBOSE: mask=20000 outMask=0001
	/Users/glf/workspace/ai/deskflow/src/lib/platform/OSXKeyState.cpp:236
[2026-07-14T20:10:02.186] VERBOSE: add key: 004f 0 020 0000 (0001 0007 0000)
	/Users/glf/workspace/ai/deskflow/src/lib/deskflow/KeyMap.cpp:91
[2026-07-14T20:10:02.186] VERBOSE: mask=40000 outMask=0002
	/Users/glf/workspace/ai/deskflow/src/lib/platform/OSXKeyState.cpp:236
[2026-07-14T20:10:02.186] VERBOSE: add key: 004f 0 020 0000 (0002 0007 0000)
	/Users/glf/workspace/ai/deskflow/src/lib/deskflow/KeyMap.cpp:91
[2026-07-14T20:10:02.186] VERBOSE: mask=60000 outMask=0003
	/Users/glf/workspace/ai/deskflow/src/lib/platform/OSXKeyState.cpp:236
[2026-07-14T20:10:02.186] VERBOSE: add key: 004f 0 020 0000 (0003 0007 0000)
	/Users/glf/workspace/ai/deskflow/src/lib/deskflow/KeyMap.cpp:91
[2026-07-14T20:10:02.186] VERBOSE: mask=e0000 outMask=0007
	/Users/glf/workspace/ai/deskflow/src/lib/platform/OSXKeyState.cpp:236
[2026-07-14T20:10:02.186] VERBOSE: mask=80000 outMask=0004
	/Users/glf/workspace/ai/deskflow/src/lib/platform/OSXKeyState.cpp:236
[2026-07-14T20:10:02.186] VERBOSE: add key: 00f8 0 020 0000 (0004 0007 0000)
	/Users/glf/workspace/ai/deskflow/src/lib/deskflow/KeyMap.cpp:91
[2026-07-14T20:10:02.186] VERBOSE: mask=e0000 outMask=0007
	/Users/glf/workspace/ai/deskflow/src/lib/platform/OSXKeyState.cpp:236
[2026-07-14T20:10:02.186] VERBOSE: mask=a0000 outMask=0005
	/Users/glf/workspace/ai/deskflow/src/lib/platform/OSXKeyState.cpp:236
[2026-07-14T20:10:02.186] VERBOSE: add key: 00d8 0 020 0000 (0005 0007 0000)
	/Users/glf/workspace/ai/deskflow/src/lib/deskflow/KeyMap.cpp:91
[2026-07-14T20:10:02.186] VERBOSE: mask=c0000 outMask=0006
[...]
[2026-07-14T20:10:03.711] VERBOSE: add key: efc3 3 062 0000 (0000 0000 0000)
	/Users/glf/workspace/ai/deskflow/src/lib/deskflow/KeyMap.cpp:91
[2026-07-14T20:10:03.711] VERBOSE: add key: efc4 3 063 0000 (0000 0000 0000)
	/Users/glf/workspace/ai/deskflow/src/lib/deskflow/KeyMap.cpp:91
[2026-07-14T20:10:03.711] VERBOSE: add key: efc5 3 065 0000 (0000 0000 0000)
	/Users/glf/workspace/ai/deskflow/src/lib/deskflow/KeyMap.cpp:91
[2026-07-14T20:10:03.711] VERBOSE: add key: efc6 3 066 0000 (0000 0000 0000)
	/Users/glf/workspace/ai/deskflow/src/lib/deskflow/KeyMap.cpp:91
[2026-07-14T20:10:03.711] VERBOSE: add key: efc7 3 06e 0000 (0000 0000 0000)
	/Users/glf/workspace/ai/deskflow/src/lib/deskflow/KeyMap.cpp:91
[2026-07-14T20:10:03.711] VERBOSE: add key: efc8 3 068 0000 (0000 0000 0000)
	/Users/glf/workspace/ai/deskflow/src/lib/deskflow/KeyMap.cpp:91
[2026-07-14T20:10:03.711] VERBOSE: add key: efc9 3 070 0000 (0000 0000 0000)
	/Users/glf/workspace/ai/deskflow/src/lib/deskflow/KeyMap.cpp:91
[2026-07-14T20:10:03.711] VERBOSE: add key: efca 3 06a 0000 (0000 0000 0000)
	/Users/glf/workspace/ai/deskflow/src/lib/deskflow/KeyMap.cpp:91
[2026-07-14T20:10:03.711] VERBOSE: add key: efcb 3 06c 0000 (0000 0000 0000)
	/Users/glf/workspace/ai/deskflow/src/lib/deskflow/KeyMap.cpp:91
[2026-07-14T20:10:03.711] VERBOSE: add key: efcc 3 072 0000 (0000 0000 0000)
	/Users/glf/workspace/ai/deskflow/src/lib/deskflow/KeyMap.cpp:91
[2026-07-14T20:10:03.711] VERBOSE: add key: efcd 3 06b 0000 (0000 0000 0000)
	/Users/glf/workspace/ai/deskflow/src/lib/deskflow/KeyMap.cpp:91
[2026-07-14T20:10:03.711] VERBOSE: add key: efb0 3 053 0000 (0000 0000 0000)
	/Users/glf/workspace/ai/deskflow/src/lib/deskflow/KeyMap.cpp:91
[2026-07-14T20:10:03.711] VERBOSE: add key: efb1 3 054 0000 (0000 0000 0000)
	/Users/glf/workspace/ai/deskflow/src/lib/deskflow/KeyMap.cpp:91
[2026-07-14T20:10:03.711] VERBOSE: add key: efb2 3 055 0000 (0000 0000 0000)
	/Users/glf/workspace/ai/deskflow/src/lib/deskflow/KeyMap.cpp:91
[2026-07-14T20:10:03.711] VERBOSE: add key: efb3 3 056 0000 (0000 0000 0000)
	/Users/glf/workspace/ai/deskflow/src/lib/deskflow/KeyMap.cpp:91
[2026-07-14T20:10:03.711] VERBOSE: add key: efb4 3 057 0000 (0000 0000 0000)
	/Users/glf/workspace/ai/deskflow/src/lib/deskflow/KeyMap.cpp:91
[2026-07-14T20:10:03.711] VERBOSE: add key: efb5 3 058 0000 (0000 0000 0000)
	/Users/glf/workspace/ai/deskflow/src/lib/deskflow/KeyMap.cpp:91
[2026-07-14T20:10:03.711] VERBOSE: add key: efb6 3 059 0000 (0000 0000 0000)
	/Users/glf/workspace/ai/deskflow/src/lib/deskflow/KeyMap.cpp:91
[2026-07-14T20:10:03.711] VERBOSE: add key: efb7 3 05a 0000 (0000 0000 0000)
	/Users/glf/workspace/ai/deskflow/src/lib/deskflow/KeyMap.cpp:91
[2026-07-14T20:10:03.711] VERBOSE: add key: efb8 3 05c 0000 (0000 0000 0000)
	/Users/glf/workspace/ai/deskflow/src/lib/deskflow/KeyMap.cpp:91
[2026-07-14T20:10:03.711] VERBOSE: add key: efb9 3 05d 0000 (0000 0000 0000)
	/Users/glf/workspace/ai/deskflow/src/lib/deskflow/KeyMap.cpp:91
[2026-07-14T20:10:03.711] VERBOSE: add key: efae 3 042 0000 (0000 0000 0000)
	/Users/glf/workspace/ai/deskflow/src/lib/deskflow/KeyMap.cpp:91
[2026-07-14T20:10:03.711] VERBOSE: add key: efbd 3 052 0000 (0000 0000 0000)
	/Users/glf/workspace/ai/deskflow/src/lib/deskflow/KeyMap.cpp:91
[2026-07-14T20:10:03.711] VERBOSE: add key: efaa 3 044 0000 (0000 0000 0000)
	/Users/glf/workspace/ai/deskflow/src/lib/deskflow/KeyMap.cpp:91
[2026-07-14T20:10:03.711] VERBOSE: add key: efab 3 046 0000 (0000 0000 0000)
	/Users/glf/workspace/ai/deskflow/src/lib/deskflow/KeyMap.cpp:91
[2026-07-14T20:10:03.711] VERBOSE: add key: efaf 3 04c 0000 (0000 0000 0000)
	/Users/glf/workspace/ai/deskflow/src/lib/deskflow/KeyMap.cpp:91
[2026-07-14T20:10:03.711] VERBOSE: add key: efad 3 04f 0000 (0000 0000 0000)
	/Users/glf/workspace/ai/deskflow/src/lib/deskflow/KeyMap.cpp:91
[2026-07-14T20:10:03.711] VERBOSE: add key: ef8d 3 04d 0000 (0000 0000 0000)
	/Users/glf/workspace/ai/deskflow/src/lib/deskflow/KeyMap.cpp:91
[2026-07-14T20:10:03.711] VERBOSE: add key: efe1 3 039 0000 (0000 0000 0001)
	/Users/glf/workspace/ai/deskflow/src/lib/deskflow/KeyMap.cpp:91
[2026-07-14T20:10:03.712] VERBOSE: add key: efe2 3 03d 0000 (0000 0000 0001)
	/Users/glf/workspace/ai/deskflow/src/lib/deskflow/KeyMap.cpp:91
[2026-07-14T20:10:03.712] VERBOSE: add key: efe3 3 03c 0000 (0000 0000 0002)
	/Users/glf/workspace/ai/deskflow/src/lib/deskflow/KeyMap.cpp:91
[2026-07-14T20:10:03.712] VERBOSE: add key: efe4 3 03f 0000 (0000 0000 0002)
	/Users/glf/workspace/ai/deskflow/src/lib/deskflow/KeyMap.cpp:91
[2026-07-14T20:10:03.712] VERBOSE: add key: efe9 3 03b 0000 (0000 0000 0004)
	/Users/glf/workspace/ai/deskflow/src/lib/deskflow/KeyMap.cpp:91
[2026-07-14T20:10:03.712] VERBOSE: add key: efea 3 03e 0000 (0000 0000 0004)
	/Users/glf/workspace/ai/deskflow/src/lib/deskflow/KeyMap.cpp:91
[2026-07-14T20:10:03.712] VERBOSE: add key: efeb 3 038 0000 (0000 0000 0010)
	/Users/glf/workspace/ai/deskflow/src/lib/deskflow/KeyMap.cpp:91
[2026-07-14T20:10:03.712] VERBOSE: add key: efec 3 037 0000 (0000 0000 0010)
	/Users/glf/workspace/ai/deskflow/src/lib/deskflow/KeyMap.cpp:91
[2026-07-14T20:10:03.712] VERBOSE: add key: efe7 3 038 0000 (0000 0000 0008)
	/Users/glf/workspace/ai/deskflow/src/lib/deskflow/KeyMap.cpp:91
[2026-07-14T20:10:03.712] VERBOSE: add key: efe8 3 037 0000 (0000 0000 0008)
	/Users/glf/workspace/ai/deskflow/src/lib/deskflow/KeyMap.cpp:91
[2026-07-14T20:10:03.712] VERBOSE: add key: ef7f 3 048 0000 (0000 0000 2000)
	/Users/glf/workspace/ai/deskflow/src/lib/deskflow/KeyMap.cpp:91
[2026-07-14T20:10:03.712] VERBOSE: add key: efe5 3 03a 0000 (0000 0000 1000)
	/Users/glf/workspace/ai/deskflow/src/lib/deskflow/KeyMap.cpp:91
[2026-07-14T20:10:03.712] VERBOSE: add key: ef23 3 069 0000 (0000 0000 0000)
	/Users/glf/workspace/ai/deskflow/src/lib/deskflow/KeyMap.cpp:91
[2026-07-14T20:10:03.712] VERBOSE: add key: ef2a 3 067 0000 (0000 0000 0000)
	/Users/glf/workspace/ai/deskflow/src/lib/deskflow/KeyMap.cpp:91
[2026-07-14T20:10:03.712] VERBOSE: add key: e0c0 3 0a1 0000 (0000 0000 0000)
	/Users/glf/workspace/ai/deskflow/src/lib/deskflow/KeyMap.cpp:91
[2026-07-14T20:10:03.712] VERBOSE: add key: e0c1 3 084 0000 (0000 0000 0000)
	/Users/glf/workspace/ai/deskflow/src/lib/deskflow/KeyMap.cpp:91
[2026-07-14T20:10:03.712] VERBOSE: add key: e0b9 3 091 0000 (0000 0000 0000)
	/Users/glf/workspace/ai/deskflow/src/lib/deskflow/KeyMap.cpp:91
[2026-07-14T20:10:03.712] VERBOSE: add key: e0b8 3 092 0000 (0000 0000 0000)
	/Users/glf/workspace/ai/deskflow/src/lib/deskflow/KeyMap.cpp:91
[2026-07-14T20:10:03.712] VERBOSE: no keyboard resource for group 3
	/Users/glf/workspace/ai/deskflow/src/lib/platform/OSXKeyState.cpp:519
[2026-07-14T20:10:03.712] VERBOSE: add key: ef51 4 07c 0000 (0000 0000 0000)
	/Users/glf/workspace/ai/deskflow/src/lib/deskflow/KeyMap.cpp:91
[2026-07-14T20:10:03.712] VERBOSE: add key: ef53 4 07d 0000 (0000 0000 0000)
	/Users/glf/workspace/ai/deskflow/src/lib/deskflow/KeyMap.cpp:91
[2026-07-14T20:10:03.712] VERBOSE: add key: ef52 4 07f 0000 (0000 0000 0000)
	/Users/glf/workspace/ai/deskflow/src/lib/deskflow/KeyMap.cpp:91
[2026-07-14T20:10:03.712] VERBOSE: add key: ef54 4 07e 0000 (0000 0000 0000)
	/Users/glf/workspace/ai/deskflow/src/lib/deskflow/KeyMap.cpp:91
[2026-07-14T20:10:03.712] VERBOSE: add key: ef50 4 074 0000 (0000 0000 0000)
	/Users/glf/workspace/ai/deskflow/src/lib/deskflow/KeyMap.cpp:91
[2026-07-14T20:10:03.712] VERBOSE: add key: ef57 4 078 0000 (0000 0000 0000)
	/Users/glf/workspace/ai/deskflow/src/lib/deskflow/KeyMap.cpp:91
[2026-07-14T20:10:03.712] VERBOSE: add key: ef55 4 075 0000 (0000 0000 0000)
	/Users/glf/workspace/ai/deskflow/src/lib/deskflow/KeyMap.cpp:91
[2026-07-14T20:10:03.712] VERBOSE: add key: ef56 4 07a 0000 (0000 0000 0000)
	/Users/glf/workspace/ai/deskflow/src/lib/deskflow/KeyMap.cpp:91
[2026-07-14T20:10:03.712] VERBOSE: add key: ef63 4 073 0000 (0000 0000 0000)
	/Users/glf/workspace/ai/deskflow/src/lib/deskflow/KeyMap.cpp:91
[2026-07-14T20:10:03.712] VERBOSE: add key: efbe 4 07b 0000 (0000 0000 0000)
	/Users/glf/workspace/ai/deskflow/src/lib/deskflow/KeyMap.cpp:91
[2026-07-14T20:10:03.712] VERBOSE: add key: efbf 4 079 0000 (0000 0000 0000)
	/Users/glf/workspace/ai/deskflow/src/lib/deskflow/KeyMap.cpp:91
[2026-07-14T20:10:03.712] VERBOSE: add key: efc0 4 064 0000 (0000 0000 0000)
	/Users/glf/workspace/ai/deskflow/src/lib/deskflow/KeyMap.cpp:91
[2026-07-14T20:10:03.712] VERBOSE: add key: efc1 4 077 0000 (0000 0000 0000)
	/Users/glf/workspace/ai/deskflow/src/lib/deskflow/KeyMap.cpp:91
[2026-07-14T20:10:03.712] VERBOSE: add key: efc2 4 061 0000 (0000 0000 0000)
	/Users/glf/workspace/ai/deskflow/src/lib/deskflow/KeyMap.cpp:91
[2026-07-14T20:10:03.712] VERBOSE: add key: efc3 4 062 0000 (0000 0000 0000)
	/Users/glf/workspace/ai/deskflow/src/lib/deskflow/KeyMap.cpp:91
[2026-07-14T20:10:03.712] VERBOSE: add key: efc4 4 063 0000 (0000 0000 0000)
	/Users/glf/workspace/ai/deskflow/src/lib/deskflow/KeyMap.cpp:91
[2026-07-14T20:10:03.712] VERBOSE: add key: efc5 4 065 0000 (0000 0000 0000)
	/Users/glf/workspace/ai/deskflow/src/lib/deskflow/KeyMap.cpp:91
[2026-07-14T20:10:03.712] VERBOSE: add key: efc6 4 066 0000 (0000 0000 0000)
	/Users/glf/workspace/ai/deskflow/src/lib/deskflow/KeyMap.cpp:91
[2026-07-14T20:10:03.712] VERBOSE: add key: efc7 4 06e 0000 (0000 0000 0000)
	/Users/glf/workspace/ai/deskflow/src/lib/deskflow/KeyMap.cpp:91
[2026-07-14T20:10:03.712] VERBOSE: add key: efc8 4 068 0000 (0000 0000 0000)
	/Users/glf/workspace/ai/deskflow/src/lib/deskflow/KeyMap.cpp:91
[2026-07-14T20:10:03.712] VERBOSE: add key: efc9 4 070 0000 (0000 0000 0000)
	/Users/glf/workspace/ai/deskflow/src/lib/deskflow/KeyMap.cpp:91
[2026-07-14T20:10:03.712] VERBOSE: add key: efca 4 06a 0000 (0000 0000 0000)
	/Users/glf/workspace/ai/deskflow/src/lib/deskflow/KeyMap.cpp:91
[2026-07-14T20:10:03.712] VERBOSE: add key: efcb 4 06c 0000 (0000 0000 0000)
	/Users/glf/workspace/ai/deskflow/src/lib/deskflow/KeyMap.cpp:91
[2026-07-14T20:10:03.712] VERBOSE: add key: efcc 4 072 0000 (0000 0000 0000)
	/Users/glf/workspace/ai/deskflow/src/lib/deskflow/KeyMap.cpp:91
[2026-07-14T20:10:03.712] VERBOSE: add key: efcd 4 06b 0000 (0000 0000 0000)
	/Users/glf/workspace/ai/deskflow/src/lib/deskflow/KeyMap.cpp:91
[2026-07-14T20:10:03.712] VERBOSE: add key: efb0 4 053 0000 (0000 0000 0000)
	/Users/glf/workspace/ai/deskflow/src/lib/deskflow/KeyMap.cpp:91
[2026-07-14T20:10:03.712] VERBOSE: add key: efb1 4 054 0000 (0000 0000 0000)
	/Users/glf/workspace/ai/deskflow/src/lib/deskflow/KeyMap.cpp:91
[2026-07-14T20:10:03.712] VERBOSE: add key: efb2 4 055 0000 (0000 0000 0000)
	/Users/glf/workspace/ai/deskflow/src/lib/deskflow/KeyMap.cpp:91
[2026-07-14T20:10:03.712] VERBOSE: add key: efb3 4 056 0000 (0000 0000 0000)
	/Users/glf/workspace/ai/deskflow/src/lib/deskflow/KeyMap.cpp:91
[2026-07-14T20:10:03.712] VERBOSE: add key: efb4 4 057 0000 (0000 0000 0000)
	/Users/glf/workspace/ai/deskflow/src/lib/deskflow/KeyMap.cpp:91
[2026-07-14T20:10:03.712] VERBOSE: add key: efb5 4 058 0000 (0000 0000 0000)
	/Users/glf/workspace/ai/deskflow/src/lib/deskflow/KeyMap.cpp:91
[2026-07-14T20:10:03.712] VERBOSE: add key: efb6 4 059 0000 (0000 0000 0000)
	/Users/glf/workspace/ai/deskflow/src/lib/deskflow/KeyMap.cpp:91
[2026-07-14T20:10:03.712] VERBOSE: add key: efb7 4 05a 0000 (0000 0000 0000)
	/Users/glf/workspace/ai/deskflow/src/lib/deskflow/KeyMap.cpp:91
[2026-07-14T20:10:03.712] VERBOSE: add key: efb8 4 05c 0000 (0000 0000 0000)
	/Users/glf/workspace/ai/deskflow/src/lib/deskflow/KeyMap.cpp:91
[2026-07-14T20:10:03.712] VERBOSE: add key: efb9 4 05d 0000 (0000 0000 0000)
	/Users/glf/workspace/ai/deskflow/src/lib/deskflow/KeyMap.cpp:91
[2026-07-14T20:10:03.712] VERBOSE: add key: efae 4 042 0000 (0000 0000 0000)
	/Users/glf/workspace/ai/deskflow/src/lib/deskflow/KeyMap.cpp:91
[2026-07-14T20:10:03.712] VERBOSE: add key: efbd 4 052 0000 (0000 0000 0000)
	/Users/glf/workspace/ai/deskflow/src/lib/deskflow/KeyMap.cpp:91
[2026-07-14T20:10:03.712] VERBOSE: add key: efaa 4 044 0000 (0000 0000 0000)
	/Users/glf/workspace/ai/deskflow/src/lib/deskflow/KeyMap.cpp:91
[2026-07-14T20:10:03.712] VERBOSE: add key: efab 4 046 0000 (0000 0000 0000)
	/Users/glf/workspace/ai/deskflow/src/lib/deskflow/KeyMap.cpp:91
[2026-07-14T20:10:03.712] VERBOSE: add key: efaf 4 04c 0000 (0000 0000 0000)
	/Users/glf/workspace/ai/deskflow/src/lib/deskflow/KeyMap.cpp:91
[2026-07-14T20:10:03.712] VERBOSE: add key: efad 4 04f 0000 (0000 0000 0000)
	/Users/glf/workspace/ai/deskflow/src/lib/deskflow/KeyMap.cpp:91
[2026-07-14T20:10:03.712] VERBOSE: add key: ef8d 4 04d 0000 (0000 0000 0000)
	/Users/glf/workspace/ai/deskflow/src/lib/deskflow/KeyMap.cpp:91
[2026-07-14T20:10:03.712] VERBOSE: add key: efe1 4 039 0000 (0000 0000 0001)
	/Users/glf/workspace/ai/deskflow/src/lib/deskflow/KeyMap.cpp:91
[2026-07-14T20:10:03.712] VERBOSE: add key: efe2 4 03d 0000 (0000 0000 0001)
	/Users/glf/workspace/ai/deskflow/src/lib/deskflow/KeyMap.cpp:91
[2026-07-14T20:10:03.712] VERBOSE: add key: efe3 4 03c 0000 (0000 0000 0002)
	/Users/glf/workspace/ai/deskflow/src/lib/deskflow/KeyMap.cpp:91
[2026-07-14T20:10:03.712] VERBOSE: add key: efe4 4 03f 0000 (0000 0000 0002)
	/Users/glf/workspace/ai/deskflow/src/lib/deskflow/KeyMap.cpp:91
[2026-07-14T20:10:03.712] VERBOSE: add key: efe9 4 03b 0000 (0000 0000 0004)
	/Users/glf/workspace/ai/deskflow/src/lib/deskflow/KeyMap.cpp:91
[2026-07-14T20:10:03.712] VERBOSE: add key: efea 4 03e 0000 (0000 0000 0004)
	/Users/glf/workspace/ai/deskflow/src/lib/deskflow/KeyMap.cpp:91
[2026-07-14T20:10:03.712] VERBOSE: add key: efeb 4 038 0000 (0000 0000 0010)
	/Users/glf/workspace/ai/deskflow/src/lib/deskflow/KeyMap.cpp:91
[2026-07-14T20:10:03.713] VERBOSE: add key: efec 4 037 0000 (0000 0000 0010)
	/Users/glf/workspace/ai/deskflow/src/lib/deskflow/KeyMap.cpp:91
[2026-07-14T20:10:03.713] VERBOSE: add key: efe7 4 038 0000 (0000 0000 0008)
	/Users/glf/workspace/ai/deskflow/src/lib/deskflow/KeyMap.cpp:91
[2026-07-14T20:10:03.713] VERBOSE: add key: efe8 4 037 0000 (0000 0000 0008)
	/Users/glf/workspace/ai/deskflow/src/lib/deskflow/KeyMap.cpp:91
[2026-07-14T20:10:03.713] VERBOSE: add key: ef7f 4 048 0000 (0000 0000 2000)
	/Users/glf/workspace/ai/deskflow/src/lib/deskflow/KeyMap.cpp:91
[2026-07-14T20:10:03.713] VERBOSE: add key: efe5 4 03a 0000 (0000 0000 1000)
	/Users/glf/workspace/ai/deskflow/src/lib/deskflow/KeyMap.cpp:91
[2026-07-14T20:10:03.713] VERBOSE: add key: ef23 4 069 0000 (0000 0000 0000)
	/Users/glf/workspace/ai/deskflow/src/lib/deskflow/KeyMap.cpp:91
[2026-07-14T20:10:03.713] VERBOSE: add key: ef2a 4 067 0000 (0000 0000 0000)
	/Users/glf/workspace/ai/deskflow/src/lib/deskflow/KeyMap.cpp:91
[2026-07-14T20:10:03.713] VERBOSE: add key: e0c0 4 0a1 0000 (0000 0000 0000)
	/Users/glf/workspace/ai/deskflow/src/lib/deskflow/KeyMap.cpp:91
[2026-07-14T20:10:03.713] VERBOSE: add key: e0c1 4 084 0000 (0000 0000 0000)
	/Users/glf/workspace/ai/deskflow/src/lib/deskflow/KeyMap.cpp:91
[2026-07-14T20:10:03.713] VERBOSE: add key: e0b9 4 091 0000 (0000 0000 0000)
	/Users/glf/workspace/ai/deskflow/src/lib/deskflow/KeyMap.cpp:91
[2026-07-14T20:10:03.713] VERBOSE: add key: e0b8 4 092 0000 (0000 0000 0000)
	/Users/glf/workspace/ai/deskflow/src/lib/deskflow/KeyMap.cpp:91
[2026-07-14T20:10:03.713] VERBOSE: no keyboard resource for group 4
	/Users/glf/workspace/ai/deskflow/src/lib/platform/OSXKeyState.cpp:519
[2026-07-14T20:10:03.713] VERBOSE: add key: ee20 0 031 0000 (0000 0000 0000)
	/Users/glf/workspace/ai/deskflow/src/lib/deskflow/KeyMap.cpp:91
[2026-07-14T20:10:03.713] VERBOSE: add key: 0020 0 032 0000 (0004 0004 0000)
	/Users/glf/workspace/ai/deskflow/src/lib/deskflow/KeyMap.cpp:91
[2026-07-14T20:10:03.713] VERBOSE: mapKey 0061 (97) with mask 0001, start state: 0000, group: 0
	/Users/glf/workspace/ai/deskflow/src/lib/deskflow/KeyMap.cpp:233
[2026-07-14T20:10:03.713] VERBOSE: language en has group id 0
	/Users/glf/workspace/ai/deskflow/src/lib/deskflow/KeyMap.cpp:307
[2026-07-14T20:10:03.713] VERBOSE: best key index 1 of 1 (1 modifiers)
	/Users/glf/workspace/ai/deskflow/src/lib/deskflow/KeyMap.cpp:665
[2026-07-14T20:10:03.713] VERBOSE: found key in group 0
	/Users/glf/workspace/ai/deskflow/src/lib/deskflow/KeyMap.cpp:565
[2026-07-14T20:10:03.713] VERBOSE: state: 0000,0000,0007
	/Users/glf/workspace/ai/deskflow/src/lib/deskflow/KeyMap.cpp:729
[2026-07-14T20:10:03.713] VERBOSE: flip: 0000 (0000 vs 0000 in 0007 - 0000)
	/Users/glf/workspace/ai/deskflow/src/lib/deskflow/KeyMap.cpp:822
[2026-07-14T20:10:03.713] VERBOSE: desired state: 0001 0000,0000,0007
	/Users/glf/workspace/ai/deskflow/src/lib/deskflow/KeyMap.cpp:744
[2026-07-14T20:10:03.713] VERBOSE: flip: 0000 (0000 vs 0001 in fff8 - 6020)
	/Users/glf/workspace/ai/deskflow/src/lib/deskflow/KeyMap.cpp:822
[2026-07-14T20:10:03.713] VERBOSE: mapped to 001, new state 0000
	/Users/glf/workspace/ai/deskflow/src/lib/deskflow/KeyMap.cpp:291
[2026-07-14T20:10:03.713] VERBOSE:   button=0x0001 virtualKey=0x0000 keyDown=down client=0x0000
	/Users/glf/workspace/ai/deskflow/src/lib/platform/OSXKeyState.cpp:632
[2026-07-14T20:10:03.713] VERBOSE: the key is not a modifier
	/Users/glf/workspace/ai/deskflow/src/lib/platform/OSXKeyState.cpp:574
[2026-07-14T20:10:03.916] DEBUG: checking key 1
	/Users/glf/workspace/ai/deskflow/src/unittests/platform/OSXKeyStateTests.cpp:147
[2026-07-14T20:10:03.917] VERBOSE:   button=0x0001 virtualKey=0x0000 keyDown=up client=0x0000
	/Users/glf/workspace/ai/deskflow/src/lib/platform/OSXKeyState.cpp:632
[2026-07-14T20:10:03.917] VERBOSE: the key is not a modifier
	/Users/glf/workspace/ai/deskflow/src/lib/platform/OSXKeyState.cpp:574
[2026-07-14T20:10:04.119] DEBUG: checking key 1
	/Users/glf/workspace/ai/deskflow/src/unittests/platform/OSXKeyStateTests.cpp:147
FAIL!  : OSXKeyStateTests::fakePollCharWithModifier() '!isKeyPressed(keyState, A_CHAR_BUTTON)' returned FALSE. ()
   Loc: [/Users/glf/workspace/ai/deskflow/src/unittests/platform/OSXKeyStateTests.cpp(129)]
PASS   : OSXKeyStateTests::cleanupTestCase()
Totals: 3 passed, 4 failed, 0 skipped, 0 blacklisted, 1972ms
********* Finished testing of OSXKeyStateTests *********
<end of output>
Test time =   2.00 sec
----------------------------------------------------------
Test Failed.
"OSXKeyStateTests" end time: Jul 14 20:10 +08
"OSXKeyStateTests" time elapsed: 00:00:01
----------------------------------------------------------

24/25 Testing: ServerConfigTests
24/25 Test: ServerConfigTests
Command: "/Users/glf/workspace/ai/deskflow/build-local/src/unittests/server/ServerConfigTests"
Directory: /Users/glf/workspace/ai/deskflow/build-local/src/lib/server
"ServerConfigTests" start time: Jul 14 20:10 +08
Output:
----------------------------------------------------------
********* Start testing of ServerConfigTests *********
Config: Using QtTest library 6.11.1, Qt 6.11.1 (arm64-little_endian-lp64 shared (dynamic) release build; by Apple LLVM 21.0.0 (clang-2100.0.123.102)), macos 26.5.2
PASS   : ServerConfigTests::initTestCase()
QINFO  : ServerConfigTests::exactModifierMappingsRoundTrip() initial settings file: /Users/glf/Library/Deskflow/Deskflow.conf
PASS   : ServerConfigTests::exactModifierMappingsRoundTrip()
PASS   : ServerConfigTests::equalityCheck()
PASS   : ServerConfigTests::equalityCheck_diff_options()
PASS   : ServerConfigTests::equalityCheck_diff_alias()
PASS   : ServerConfigTests::equalityCheck_diff_filters()
PASS   : ServerConfigTests::equalityCheck_diff_neighbours1()
PASS   : ServerConfigTests::equalityCheck_diff_neighbours2()
PASS   : ServerConfigTests::equalityCheck_diff_neighbours3()
PASS   : ServerConfigTests::cleanupTestCase()
Totals: 10 passed, 0 failed, 0 skipped, 0 blacklisted, 2ms
********* Finished testing of ServerConfigTests *********
<end of output>
Test time =   0.03 sec
----------------------------------------------------------
Test Passed.
"ServerConfigTests" end time: Jul 14 20:10 +08
"ServerConfigTests" time elapsed: 00:00:00
----------------------------------------------------------

End testing: Jul 14 20:10 +08
